TN:
SF:/home/raulpro/Diseño_Software/IE-0417/laboratorio-testing/build/_deps/googletest-src/googletest/include/gtest/gtest-assertion-result.h
FN:155,161,_ZN7testing15AssertionResultC2IbEERKT_PNSt9enable_ifIXntsrSt14is_convertibleIS2_S0_E5valueEvE4typeE
FN:174,174,_ZNK7testing15AssertionResultcvbEv
FN:183,185,_ZNK7testing15AssertionResult7messageEv
FN:187,187,_ZNK7testing15AssertionResult15failure_messageEv
FN:191,194,_ZN7testing15AssertionResultlsIA100_cEERS0_RKT_
FN:191,194,_ZN7testing15AssertionResultlsIA106_cEERS0_RKT_
FN:191,194,_ZN7testing15AssertionResultlsIA11_cEERS0_RKT_
FN:191,194,_ZN7testing15AssertionResultlsIA12_cEERS0_RKT_
FN:191,194,_ZN7testing15AssertionResultlsIA13_cEERS0_RKT_
FN:191,194,_ZN7testing15AssertionResultlsIA14_cEERS0_RKT_
FN:191,194,_ZN7testing15AssertionResultlsIA15_cEERS0_RKT_
FN:191,194,_ZN7testing15AssertionResultlsIA16_cEERS0_RKT_
FN:191,194,_ZN7testing15AssertionResultlsIA17_cEERS0_RKT_
FN:191,194,_ZN7testing15AssertionResultlsIA24_cEERS0_RKT_
FN:191,194,_ZN7testing15AssertionResultlsIA27_cEERS0_RKT_
FN:191,194,_ZN7testing15AssertionResultlsIA29_cEERS0_RKT_
FN:191,194,_ZN7testing15AssertionResultlsIA2_cEERS0_RKT_
FN:191,194,_ZN7testing15AssertionResultlsIA3_cEERS0_RKT_
FN:191,194,_ZN7testing15AssertionResultlsIA5_cEERS0_RKT_
FN:191,194,_ZN7testing15AssertionResultlsIA6_cEERS0_RKT_
FN:191,194,_ZN7testing15AssertionResultlsIA7_cEERS0_RKT_
FN:191,194,_ZN7testing15AssertionResultlsIA9_cEERS0_RKT_
FN:191,194,_ZN7testing15AssertionResultlsINS_14TestPartResultEEERS0_RKT_
FN:191,194,_ZN7testing15AssertionResultlsINS_7MessageEEERS0_RKT_
FN:191,194,_ZN7testing15AssertionResultlsINSt7__cxx1112basic_stringIcSt11char_traitsIcESaIcEEEEERS0_RKT_
FN:191,194,_ZN7testing15AssertionResultlsINSt7__cxx1112basic_stringIwSt11char_traitsIwESaIwEEEEERS0_RKT_
FN:191,194,_ZN7testing15AssertionResultlsIPKcEERS0_RKT_
FN:191,194,_ZN7testing15AssertionResultlsIPKwEERS0_RKT_
FN:191,194,_ZN7testing15AssertionResultlsIdEERS0_RKT_
FN:206,209,_ZN7testing15AssertionResult13AppendMessageERKNS_7MessageE
FNDA:53,_ZN7testing15AssertionResultC2IbEERKT_PNSt9enable_ifIXntsrSt14is_convertibleIS2_S0_E5valueEvE4typeE
FNDA:53,_ZNK7testing15AssertionResultcvbEv
FNDA:0,_ZNK7testing15AssertionResult7messageEv
FNDA:0,_ZNK7testing15AssertionResult15failure_messageEv
FNDA:0,_ZN7testing15AssertionResultlsIA100_cEERS0_RKT_
FNDA:0,_ZN7testing15AssertionResultlsIA106_cEERS0_RKT_
FNDA:0,_ZN7testing15AssertionResultlsIA11_cEERS0_RKT_
FNDA:0,_ZN7testing15AssertionResultlsIA12_cEERS0_RKT_
FNDA:0,_ZN7testing15AssertionResultlsIA13_cEERS0_RKT_
FNDA:0,_ZN7testing15AssertionResultlsIA14_cEERS0_RKT_
FNDA:0,_ZN7testing15AssertionResultlsIA15_cEERS0_RKT_
FNDA:0,_ZN7testing15AssertionResultlsIA16_cEERS0_RKT_
FNDA:0,_ZN7testing15AssertionResultlsIA17_cEERS0_RKT_
FNDA:0,_ZN7testing15AssertionResultlsIA24_cEERS0_RKT_
FNDA:0,_ZN7testing15AssertionResultlsIA27_cEERS0_RKT_
FNDA:0,_ZN7testing15AssertionResultlsIA29_cEERS0_RKT_
FNDA:0,_ZN7testing15AssertionResultlsIA2_cEERS0_RKT_
FNDA:0,_ZN7testing15AssertionResultlsIA3_cEERS0_RKT_
FNDA:0,_ZN7testing15AssertionResultlsIA5_cEERS0_RKT_
FNDA:0,_ZN7testing15AssertionResultlsIA6_cEERS0_RKT_
FNDA:0,_ZN7testing15AssertionResultlsIA7_cEERS0_RKT_
FNDA:0,_ZN7testing15AssertionResultlsIA9_cEERS0_RKT_
FNDA:0,_ZN7testing15AssertionResultlsINS_14TestPartResultEEERS0_RKT_
FNDA:0,_ZN7testing15AssertionResultlsINS_7MessageEEERS0_RKT_
FNDA:0,_ZN7testing15AssertionResultlsINSt7__cxx1112basic_stringIcSt11char_traitsIcESaIcEEEEERS0_RKT_
FNDA:0,_ZN7testing15AssertionResultlsINSt7__cxx1112basic_stringIwSt11char_traitsIwESaIwEEEEERS0_RKT_
FNDA:0,_ZN7testing15AssertionResultlsIPKcEERS0_RKT_
FNDA:0,_ZN7testing15AssertionResultlsIPKwEERS0_RKT_
FNDA:0,_ZN7testing15AssertionResultlsIdEERS0_RKT_
FNDA:0,_ZN7testing15AssertionResult13AppendMessageERKNS_7MessageE
FNF:30
FNH:2
DA:155,53
DA:161,53
DA:174,53
DA:183,0
DA:184,0
DA:187,0
DA:191,0
DA:192,0
DA:193,0
DA:206,0
DA:207,0
DA:208,0
DA:209,0
LF:13
LH:3
end_of_record
TN:
SF:/home/raulpro/Diseño_Software/IE-0417/laboratorio-testing/build/_deps/googletest-src/googletest/include/gtest/gtest-matchers.h
FN:109,109,_ZN7testing19MatchResultListenerD0Ev
FN:109,109,_ZN7testing19MatchResultListenerD2Ev
FN:115,115,_ZN7testing25MatcherDescriberInterfaceD0Ev
FN:115,115,_ZN7testing25MatcherDescriberInterfaceD2Ev
FN:130,134,_ZNK7testing25MatcherDescriberInterface18DescribeNegationToEPSo
FN:183,185,_ZNK7testing8internal5AnyEqclINSt7__cxx1112basic_stringIcSt11char_traitsIcESaIcEEES8_EEbRKT_RKT0_
FN:183,185,_ZNK7testing8internal5AnyEqclISt17basic_string_viewIcSt11char_traitsIcEENSt7__cxx1112basic_stringIcS5_SaIcEEEEEbRKT_RKT0_
FN:221,221,_ZN7testing8internal24DummyMatchResultListenerC2Ev
FN:245,245,_ZN7testing8internal17SharedPayloadBase5UnrefEv
FN:251,251,_ZN7testing8internal13SharedPayloadINS0_9EqMatcherINSt7__cxx1112basic_stringIcSt11char_traitsIcESaIcEEEEEEC2EOS9_
FN:253,255,_ZN7testing8internal13SharedPayloadINS0_9EqMatcherINSt7__cxx1112basic_stringIcSt11char_traitsIcESaIcEEEEEE7DestroyEPNS0_17SharedPayloadBaseE
FN:268,271,_ZNK7testing8internal11MatcherBaseIRKNSt7__cxx1112basic_stringIcSt11char_traitsIcESaIcEEEE15MatchAndExplainES9_PNS_19MatchResultListenerE
FN:274,277,_ZNK7testing8internal11MatcherBaseIRKNSt7__cxx1112basic_stringIcSt11char_traitsIcESaIcEEEE7MatchesES9_
FN:280,283,_ZNK7testing8internal11MatcherBaseINSt7__cxx1112basic_stringIcSt11char_traitsIcESaIcEEEE10DescribeToEPSo
FN:280,283,_ZNK7testing8internal11MatcherBaseIRKNSt7__cxx1112basic_stringIcSt11char_traitsIcESaIcEEEE10DescribeToEPSo
FN:280,283,_ZNK7testing8internal11MatcherBaseIRKSt17basic_string_viewIcSt11char_traitsIcEEE10DescribeToEPSo
FN:280,283,_ZNK7testing8internal11MatcherBaseISt17basic_string_viewIcSt11char_traitsIcEEE10DescribeToEPSo
FN:286,289,_ZNK7testing8internal11MatcherBaseINSt7__cxx1112basic_stringIcSt11char_traitsIcESaIcEEEE18DescribeNegationToEPSo
FN:286,289,_ZNK7testing8internal11MatcherBaseIRKNSt7__cxx1112basic_stringIcSt11char_traitsIcESaIcEEEE18DescribeNegationToEPSo
FN:286,289,_ZNK7testing8internal11MatcherBaseIRKSt17basic_string_viewIcSt11char_traitsIcEEE18DescribeNegationToEPSo
FN:286,289,_ZNK7testing8internal11MatcherBaseISt17basic_string_viewIcSt11char_traitsIcEEE18DescribeNegationToEPSo
FN:306,306,_ZN7testing8internal11MatcherBaseINSt7__cxx1112basic_stringIcSt11char_traitsIcESaIcEEEEC2Ev
FN:306,306,_ZN7testing8internal11MatcherBaseIRKNSt7__cxx1112basic_stringIcSt11char_traitsIcESaIcEEEEC2Ev
FN:306,306,_ZN7testing8internal11MatcherBaseIRKSt17basic_string_viewIcSt11char_traitsIcEEEC2Ev
FN:306,306,_ZN7testing8internal11MatcherBaseISt17basic_string_viewIcSt11char_traitsIcEEEC2Ev
FN:317,319,_ZN7testing8internal11MatcherBaseINSt7__cxx1112basic_stringIcSt11char_traitsIcESaIcEEEEC2INS0_9EqMatcherIS7_EEvEEOT_
FN:317,319,_ZN7testing8internal11MatcherBaseIRKNSt7__cxx1112basic_stringIcSt11char_traitsIcESaIcEEEEC2INS0_9EqMatcherIS7_EEvEEOT_
FN:317,319,_ZN7testing8internal11MatcherBaseIRKSt17basic_string_viewIcSt11char_traitsIcEEEC2INS0_9EqMatcherINSt7__cxx1112basic_stringIcS4_SaIcEEEEEvEEOT_
FN:317,319,_ZN7testing8internal11MatcherBaseISt17basic_string_viewIcSt11char_traitsIcEEEC2INS0_9EqMatcherINSt7__cxx1112basic_stringIcS4_SaIcEEEEEvEEOT_
FN:335,338,_ZN7testing8internal11MatcherBaseIRKNSt7__cxx1112basic_stringIcSt11char_traitsIcESaIcEEEEC2EOSA_
FN:340,347,_ZN7testing8internal11MatcherBaseINSt7__cxx1112basic_stringIcSt11char_traitsIcESaIcEEEEaSEOS8_
FN:340,347,_ZN7testing8internal11MatcherBaseIRKNSt7__cxx1112basic_stringIcSt11char_traitsIcESaIcEEEEaSEOSA_
FN:340,347,_ZN7testing8internal11MatcherBaseIRKSt17basic_string_viewIcSt11char_traitsIcEEEaSEOS8_
FN:340,347,_ZN7testing8internal11MatcherBaseISt17basic_string_viewIcSt11char_traitsIcEEEaSEOS6_
FN:349,349,_ZN7testing8internal11MatcherBaseINSt7__cxx1112basic_stringIcSt11char_traitsIcESaIcEEEED0Ev
FN:349,349,_ZN7testing8internal11MatcherBaseINSt7__cxx1112basic_stringIcSt11char_traitsIcESaIcEEEED2Ev
FN:349,349,_ZN7testing8internal11MatcherBaseIRKNSt7__cxx1112basic_stringIcSt11char_traitsIcESaIcEEEED0Ev
FN:349,349,_ZN7testing8internal11MatcherBaseIRKNSt7__cxx1112basic_stringIcSt11char_traitsIcESaIcEEEED2Ev
FN:349,349,_ZN7testing8internal11MatcherBaseIRKSt17basic_string_viewIcSt11char_traitsIcEEED0Ev
FN:349,349,_ZN7testing8internal11MatcherBaseIRKSt17basic_string_viewIcSt11char_traitsIcEEED2Ev
FN:349,349,_ZN7testing8internal11MatcherBaseISt17basic_string_viewIcSt11char_traitsIcEEED0Ev
FN:349,349,_ZN7testing8internal11MatcherBaseISt17basic_string_viewIcSt11char_traitsIcEEED2Ev
FN:363,365,_ZNK7testing8internal11MatcherBaseINSt7__cxx1112basic_stringIcSt11char_traitsIcESaIcEEEE8IsSharedEv
FN:363,365,_ZNK7testing8internal11MatcherBaseIRKNSt7__cxx1112basic_stringIcSt11char_traitsIcESaIcEEEE8IsSharedEv
FN:363,365,_ZNK7testing8internal11MatcherBaseIRKSt17basic_string_viewIcSt11char_traitsIcEEE8IsSharedEv
FN:363,365,_ZNK7testing8internal11MatcherBaseISt17basic_string_viewIcSt11char_traitsIcEEE8IsSharedEv
FN:369,373,_ZN7testing8internal11MatcherBaseINSt7__cxx1112basic_stringIcSt11char_traitsIcESaIcEEEE19MatchAndExplainImplINS8_11ValuePolicyINS0_9EqMatcherIS7_EELb0EEEEEDTcldtclsrT_3Getfp_E15MatchAndExplainfp0_clptfp1_L_ZNS_19MatchResultListener6streamEvEEEERKS8_RKS7_PSF_
FN:369,373,_ZN7testing8internal11MatcherBaseIRKNSt7__cxx1112basic_stringIcSt11char_traitsIcESaIcEEEE19MatchAndExplainImplINSA_11ValuePolicyINS0_9EqMatcherIS7_EELb0EEEEEDTcldtclsrT_3Getfp_E15MatchAndExplainfp0_clptfp1_L_ZNS_19MatchResultListener6streamEvEEEERKSA_S9_PSH_
FN:369,373,_ZN7testing8internal11MatcherBaseIRKSt17basic_string_viewIcSt11char_traitsIcEEE19MatchAndExplainImplINS8_11ValuePolicyINS0_9EqMatcherINSt7__cxx1112basic_stringIcS4_SaIcEEEEELb0EEEEEDTcldtclsrT_3Getfp_E15MatchAndExplainfp0_clptfp1_L_ZNS_19MatchResultListener6streamEvEEEERKS8_S7_PSJ_
FN:369,373,_ZN7testing8internal11MatcherBaseISt17basic_string_viewIcSt11char_traitsIcEEE19MatchAndExplainImplINS6_11ValuePolicyINS0_9EqMatcherINSt7__cxx1112basic_stringIcS4_SaIcEEEEELb0EEEEEDTcldtclsrT_3Getfp_E15MatchAndExplainfp0_clptfp1_L_ZNS_19MatchResultListener6streamEvEEEERKS6_RKS5_PSH_
FN:383,390,_ZN7testing8internal11MatcherBaseINSt7__cxx1112basic_stringIcSt11char_traitsIcESaIcEEEE12DescribeImplINS8_11ValuePolicyINS0_9EqMatcherIS7_EELb0EEEEEvRKS8_PSob
FN:383,390,_ZN7testing8internal11MatcherBaseIRKNSt7__cxx1112basic_stringIcSt11char_traitsIcESaIcEEEE12DescribeImplINSA_11ValuePolicyINS0_9EqMatcherIS7_EELb0EEEEEvRKSA_PSob
FN:383,390,_ZN7testing8internal11MatcherBaseIRKSt17basic_string_viewIcSt11char_traitsIcEEE12DescribeImplINS8_11ValuePolicyINS0_9EqMatcherINSt7__cxx1112basic_stringIcS4_SaIcEEEEELb0EEEEEvRKS8_PSob
FN:383,390,_ZN7testing8internal11MatcherBaseISt17basic_string_viewIcSt11char_traitsIcEEE12DescribeImplINS6_11ValuePolicyINS0_9EqMatcherINSt7__cxx1112basic_stringIcS4_SaIcEEEEELb0EEEEEvRKS6_PSob
FN:393,406,_ZN7testing8internal11MatcherBaseINSt7__cxx1112basic_stringIcSt11char_traitsIcESaIcEEEE16GetDescriberImplINS8_11ValuePolicyINS0_9EqMatcherIS7_EELb0EEEEEPKNS_25MatcherDescriberInterfaceERKS8_
FN:393,406,_ZN7testing8internal11MatcherBaseIRKNSt7__cxx1112basic_stringIcSt11char_traitsIcESaIcEEEE16GetDescriberImplINSA_11ValuePolicyINS0_9EqMatcherIS7_EELb0EEEEEPKNS_25MatcherDescriberInterfaceERKSA_
FN:393,406,_ZN7testing8internal11MatcherBaseIRKSt17basic_string_viewIcSt11char_traitsIcEEE16GetDescriberImplINS8_11ValuePolicyINS0_9EqMatcherINSt7__cxx1112basic_stringIcS4_SaIcEEEEELb0EEEEEPKNS_25MatcherDescriberInterfaceERKS8_
FN:393,406,_ZN7testing8internal11MatcherBaseISt17basic_string_viewIcSt11char_traitsIcEEE16GetDescriberImplINS6_11ValuePolicyINS0_9EqMatcherINSt7__cxx1112basic_stringIcS4_SaIcEEEEELb0EEEEEPKNS_25MatcherDescriberInterfaceERKS6_
FN:409,414,_ZN7testing8internal11MatcherBaseINSt7__cxx1112basic_stringIcSt11char_traitsIcESaIcEEEE9GetVTableINS8_11ValuePolicyINS0_9EqMatcherIS7_EELb0EEEEEPKNS8_6VTableEv
FN:409,414,_ZN7testing8internal11MatcherBaseIRKNSt7__cxx1112basic_stringIcSt11char_traitsIcESaIcEEEE9GetVTableINSA_11ValuePolicyINS0_9EqMatcherIS7_EELb0EEEEEPKNSA_6VTableEv
FN:409,414,_ZN7testing8internal11MatcherBaseIRKSt17basic_string_viewIcSt11char_traitsIcEEE9GetVTableINS8_11ValuePolicyINS0_9EqMatcherINSt7__cxx1112basic_stringIcS4_SaIcEEEEELb0EEEEEPKNS8_6VTableEv
FN:409,414,_ZN7testing8internal11MatcherBaseISt17basic_string_viewIcSt11char_traitsIcEEE9GetVTableINS6_11ValuePolicyINS0_9EqMatcherINSt7__cxx1112basic_stringIcS4_SaIcEEEEELb0EEEEEPKNS6_6VTableEv
FN:425,429,_ZN7testing8internal11MatcherBaseINSt7__cxx1112basic_stringIcSt11char_traitsIcESaIcEEEE7DestroyEv
FN:425,429,_ZN7testing8internal11MatcherBaseIRKNSt7__cxx1112basic_stringIcSt11char_traitsIcESaIcEEEE7DestroyEv
FN:425,429,_ZN7testing8internal11MatcherBaseIRKSt17basic_string_viewIcSt11char_traitsIcEEE7DestroyEv
FN:425,429,_ZN7testing8internal11MatcherBaseISt17basic_string_viewIcSt11char_traitsIcEEE7DestroyEv
FN:456,458,_ZN7testing8internal11MatcherBaseINSt7__cxx1112basic_stringIcSt11char_traitsIcESaIcEEEE11ValuePolicyINS0_9EqMatcherIS7_EELb0EE3GetERKS8_
FN:456,458,_ZN7testing8internal11MatcherBaseIRKNSt7__cxx1112basic_stringIcSt11char_traitsIcESaIcEEEE11ValuePolicyINS0_9EqMatcherIS7_EELb0EE3GetERKSA_
FN:456,458,_ZN7testing8internal11MatcherBaseIRKSt17basic_string_viewIcSt11char_traitsIcEEE11ValuePolicyINS0_9EqMatcherINSt7__cxx1112basic_stringIcS4_SaIcEEEEELb0EE3GetERKS8_
FN:456,458,_ZN7testing8internal11MatcherBaseISt17basic_string_viewIcSt11char_traitsIcEEE11ValuePolicyINS0_9EqMatcherINSt7__cxx1112basic_stringIcS4_SaIcEEEEELb0EE3GetERKS6_
FN:460,462,_ZN7testing8internal11MatcherBaseINSt7__cxx1112basic_stringIcSt11char_traitsIcESaIcEEEE11ValuePolicyINS0_9EqMatcherIS7_EELb0EE4InitISB_EEvRS8_OT_
FN:460,462,_ZN7testing8internal11MatcherBaseIRKNSt7__cxx1112basic_stringIcSt11char_traitsIcESaIcEEEE11ValuePolicyINS0_9EqMatcherIS7_EELb0EE4InitISD_EEvRSA_OT_
FN:460,462,_ZN7testing8internal11MatcherBaseIRKSt17basic_string_viewIcSt11char_traitsIcEEE11ValuePolicyINS0_9EqMatcherINSt7__cxx1112basic_stringIcS4_SaIcEEEEELb0EE4InitISF_EEvRS8_OT_
FN:460,462,_ZN7testing8internal11MatcherBaseISt17basic_string_viewIcSt11char_traitsIcEEE11ValuePolicyINS0_9EqMatcherINSt7__cxx1112basic_stringIcS4_SaIcEEEEELb0EE4InitISD_EEvRS6_OT_
FN:481,486,_ZN7testing8internal11MatcherBaseINSt7__cxx1112basic_stringIcSt11char_traitsIcESaIcEEEE4InitINS0_9EqMatcherIS7_EEEEvOT_
FN:481,486,_ZN7testing8internal11MatcherBaseIRKNSt7__cxx1112basic_stringIcSt11char_traitsIcESaIcEEEE4InitINS0_9EqMatcherIS7_EEEEvOT_
FN:481,486,_ZN7testing8internal11MatcherBaseIRKSt17basic_string_viewIcSt11char_traitsIcEEE4InitINS0_9EqMatcherINSt7__cxx1112basic_stringIcS4_SaIcEEEEEEEvOT_
FN:481,486,_ZN7testing8internal11MatcherBaseISt17basic_string_viewIcSt11char_traitsIcEEE4InitINS0_9EqMatcherINSt7__cxx1112basic_stringIcS4_SaIcEEEEEEEvOT_
FN:540,541,_ZN7testing7MatcherIRKNSt7__cxx1112basic_stringIcSt11char_traitsIcESaIcEEEEC2INS_8internal9EqMatcherIS6_EEvEEOT_
FN:564,565,_ZN7testing7MatcherINSt7__cxx1112basic_stringIcSt11char_traitsIcESaIcEEEEC2INS_8internal9EqMatcherIS6_EEvEEOT_
FN:590,592,_ZN7testing7MatcherIRKSt17basic_string_viewIcSt11char_traitsIcEEEC2INS_8internal9EqMatcherINSt7__cxx1112basic_stringIcS3_SaIcEEEEEvEEOT_
FN:618,619,_ZN7testing7MatcherISt17basic_string_viewIcSt11char_traitsIcEEEC2INS_8internal9EqMatcherINSt7__cxx1112basic_stringIcS3_SaIcEEEEEvEEOT_
FN:730,730,_ZN7testing8internal14ComparisonBaseINS0_9EqMatcherINSt7__cxx1112basic_stringIcSt11char_traitsIcESaIcEEEEES8_NS0_5AnyEqEEC2ERKS8_
FN:735,737,_ZNK7testing8internal14ComparisonBaseINS0_9EqMatcherINSt7__cxx1112basic_stringIcSt11char_traitsIcESaIcEEEEES8_NS0_5AnyEqEE15MatchAndExplainIS8_EEbRKT_PSo
FN:735,737,_ZNK7testing8internal14ComparisonBaseINS0_9EqMatcherINSt7__cxx1112basic_stringIcSt11char_traitsIcESaIcEEEEES8_NS0_5AnyEqEE15MatchAndExplainISt17basic_string_viewIcS6_EEEbRKT_PSo
FN:738,741,_ZNK7testing8internal14ComparisonBaseINS0_9EqMatcherINSt7__cxx1112basic_stringIcSt11char_traitsIcESaIcEEEEES8_NS0_5AnyEqEE10DescribeToEPSo
FN:742,745,_ZNK7testing8internal14ComparisonBaseINS0_9EqMatcherINSt7__cxx1112basic_stringIcSt11char_traitsIcESaIcEEEEES8_NS0_5AnyEqEE18DescribeNegationToEPSo
FN:749,751,_ZN7testing8internal14ComparisonBaseINS0_9EqMatcherINSt7__cxx1112basic_stringIcSt11char_traitsIcESaIcEEEEES8_NS0_5AnyEqEE6UnwrapIS8_EERKT_SF_
FN:763,764,_ZN7testing8internal9EqMatcherINSt7__cxx1112basic_stringIcSt11char_traitsIcESaIcEEEEC2ERKS7_
FN:765,765,_ZN7testing8internal9EqMatcherINSt7__cxx1112basic_stringIcSt11char_traitsIcESaIcEEEE4DescEv
FN:766,766,_ZN7testing8internal9EqMatcherINSt7__cxx1112basic_stringIcSt11char_traitsIcESaIcEEEE11NegatedDescEv
FN:82,82,_ZN7testing19MatchResultListenerC2EPSo
FN:895,897,_ZN7testing2EqINSt7__cxx1112basic_stringIcSt11char_traitsIcESaIcEEEEENS_8internal9EqMatcherIT_EES9_
FN:94,94,_ZN7testing19MatchResultListener6streamEv
FNDA:0,_ZN7testing19MatchResultListenerD0Ev
FNDA:0,_ZN7testing19MatchResultListenerD2Ev
FNDA:0,_ZN7testing25MatcherDescriberInterfaceD0Ev
FNDA:0,_ZN7testing25MatcherDescriberInterfaceD2Ev
FNDA:0,_ZNK7testing25MatcherDescriberInterface18DescribeNegationToEPSo
FNDA:0,_ZNK7testing8internal5AnyEqclINSt7__cxx1112basic_stringIcSt11char_traitsIcESaIcEEES8_EEbRKT_RKT0_
FNDA:0,_ZNK7testing8internal5AnyEqclISt17basic_string_viewIcSt11char_traitsIcEENSt7__cxx1112basic_stringIcS5_SaIcEEEEEbRKT_RKT0_
FNDA:0,_ZN7testing8internal24DummyMatchResultListenerC2Ev
FNDA:0,_ZN7testing8internal17SharedPayloadBase5UnrefEv
FNDA:0,_ZN7testing8internal13SharedPayloadINS0_9EqMatcherINSt7__cxx1112basic_stringIcSt11char_traitsIcESaIcEEEEEEC2EOS9_
FNDA:0,_ZN7testing8internal13SharedPayloadINS0_9EqMatcherINSt7__cxx1112basic_stringIcSt11char_traitsIcESaIcEEEEEE7DestroyEPNS0_17SharedPayloadBaseE
FNDA:0,_ZNK7testing8internal11MatcherBaseIRKNSt7__cxx1112basic_stringIcSt11char_traitsIcESaIcEEEE15MatchAndExplainES9_PNS_19MatchResultListenerE
FNDA:0,_ZNK7testing8internal11MatcherBaseIRKNSt7__cxx1112basic_stringIcSt11char_traitsIcESaIcEEEE7MatchesES9_
FNDA:0,_ZNK7testing8internal11MatcherBaseINSt7__cxx1112basic_stringIcSt11char_traitsIcESaIcEEEE10DescribeToEPSo
FNDA:0,_ZNK7testing8internal11MatcherBaseIRKNSt7__cxx1112basic_stringIcSt11char_traitsIcESaIcEEEE10DescribeToEPSo
FNDA:0,_ZNK7testing8internal11MatcherBaseIRKSt17basic_string_viewIcSt11char_traitsIcEEE10DescribeToEPSo
FNDA:0,_ZNK7testing8internal11MatcherBaseISt17basic_string_viewIcSt11char_traitsIcEEE10DescribeToEPSo
FNDA:0,_ZNK7testing8internal11MatcherBaseINSt7__cxx1112basic_stringIcSt11char_traitsIcESaIcEEEE18DescribeNegationToEPSo
FNDA:0,_ZNK7testing8internal11MatcherBaseIRKNSt7__cxx1112basic_stringIcSt11char_traitsIcESaIcEEEE18DescribeNegationToEPSo
FNDA:0,_ZNK7testing8internal11MatcherBaseIRKSt17basic_string_viewIcSt11char_traitsIcEEE18DescribeNegationToEPSo
FNDA:0,_ZNK7testing8internal11MatcherBaseISt17basic_string_viewIcSt11char_traitsIcEEE18DescribeNegationToEPSo
FNDA:0,_ZN7testing8internal11MatcherBaseINSt7__cxx1112basic_stringIcSt11char_traitsIcESaIcEEEEC2Ev
FNDA:0,_ZN7testing8internal11MatcherBaseIRKNSt7__cxx1112basic_stringIcSt11char_traitsIcESaIcEEEEC2Ev
FNDA:0,_ZN7testing8internal11MatcherBaseIRKSt17basic_string_viewIcSt11char_traitsIcEEEC2Ev
FNDA:0,_ZN7testing8internal11MatcherBaseISt17basic_string_viewIcSt11char_traitsIcEEEC2Ev
FNDA:0,_ZN7testing8internal11MatcherBaseINSt7__cxx1112basic_stringIcSt11char_traitsIcESaIcEEEEC2INS0_9EqMatcherIS7_EEvEEOT_
FNDA:0,_ZN7testing8internal11MatcherBaseIRKNSt7__cxx1112basic_stringIcSt11char_traitsIcESaIcEEEEC2INS0_9EqMatcherIS7_EEvEEOT_
FNDA:0,_ZN7testing8internal11MatcherBaseIRKSt17basic_string_viewIcSt11char_traitsIcEEEC2INS0_9EqMatcherINSt7__cxx1112basic_stringIcS4_SaIcEEEEEvEEOT_
FNDA:0,_ZN7testing8internal11MatcherBaseISt17basic_string_viewIcSt11char_traitsIcEEEC2INS0_9EqMatcherINSt7__cxx1112basic_stringIcS4_SaIcEEEEEvEEOT_
FNDA:0,_ZN7testing8internal11MatcherBaseIRKNSt7__cxx1112basic_stringIcSt11char_traitsIcESaIcEEEEC2EOSA_
FNDA:0,_ZN7testing8internal11MatcherBaseINSt7__cxx1112basic_stringIcSt11char_traitsIcESaIcEEEEaSEOS8_
FNDA:0,_ZN7testing8internal11MatcherBaseIRKNSt7__cxx1112basic_stringIcSt11char_traitsIcESaIcEEEEaSEOSA_
FNDA:0,_ZN7testing8internal11MatcherBaseIRKSt17basic_string_viewIcSt11char_traitsIcEEEaSEOS8_
FNDA:0,_ZN7testing8internal11MatcherBaseISt17basic_string_viewIcSt11char_traitsIcEEEaSEOS6_
FNDA:0,_ZN7testing8internal11MatcherBaseINSt7__cxx1112basic_stringIcSt11char_traitsIcESaIcEEEED0Ev
FNDA:0,_ZN7testing8internal11MatcherBaseINSt7__cxx1112basic_stringIcSt11char_traitsIcESaIcEEEED2Ev
FNDA:0,_ZN7testing8internal11MatcherBaseIRKNSt7__cxx1112basic_stringIcSt11char_traitsIcESaIcEEEED0Ev
FNDA:0,_ZN7testing8internal11MatcherBaseIRKNSt7__cxx1112basic_stringIcSt11char_traitsIcESaIcEEEED2Ev
FNDA:0,_ZN7testing8internal11MatcherBaseIRKSt17basic_string_viewIcSt11char_traitsIcEEED0Ev
FNDA:0,_ZN7testing8internal11MatcherBaseIRKSt17basic_string_viewIcSt11char_traitsIcEEED2Ev
FNDA:0,_ZN7testing8internal11MatcherBaseISt17basic_string_viewIcSt11char_traitsIcEEED0Ev
FNDA:0,_ZN7testing8internal11MatcherBaseISt17basic_string_viewIcSt11char_traitsIcEEED2Ev
FNDA:0,_ZNK7testing8internal11MatcherBaseINSt7__cxx1112basic_stringIcSt11char_traitsIcESaIcEEEE8IsSharedEv
FNDA:0,_ZNK7testing8internal11MatcherBaseIRKNSt7__cxx1112basic_stringIcSt11char_traitsIcESaIcEEEE8IsSharedEv
FNDA:0,_ZNK7testing8internal11MatcherBaseIRKSt17basic_string_viewIcSt11char_traitsIcEEE8IsSharedEv
FNDA:0,_ZNK7testing8internal11MatcherBaseISt17basic_string_viewIcSt11char_traitsIcEEE8IsSharedEv
FNDA:0,_ZN7testing8internal11MatcherBaseINSt7__cxx1112basic_stringIcSt11char_traitsIcESaIcEEEE19MatchAndExplainImplINS8_11ValuePolicyINS0_9EqMatcherIS7_EELb0EEEEEDTcldtclsrT_3Getfp_E15MatchAndExplainfp0_clptfp1_L_ZNS_19MatchResultListener6streamEvEEEERKS8_RKS7_PSF_
FNDA:0,_ZN7testing8internal11MatcherBaseIRKNSt7__cxx1112basic_stringIcSt11char_traitsIcESaIcEEEE19MatchAndExplainImplINSA_11ValuePolicyINS0_9EqMatcherIS7_EELb0EEEEEDTcldtclsrT_3Getfp_E15MatchAndExplainfp0_clptfp1_L_ZNS_19MatchResultListener6streamEvEEEERKSA_S9_PSH_
FNDA:0,_ZN7testing8internal11MatcherBaseIRKSt17basic_string_viewIcSt11char_traitsIcEEE19MatchAndExplainImplINS8_11ValuePolicyINS0_9EqMatcherINSt7__cxx1112basic_stringIcS4_SaIcEEEEELb0EEEEEDTcldtclsrT_3Getfp_E15MatchAndExplainfp0_clptfp1_L_ZNS_19MatchResultListener6streamEvEEEERKS8_S7_PSJ_
FNDA:0,_ZN7testing8internal11MatcherBaseISt17basic_string_viewIcSt11char_traitsIcEEE19MatchAndExplainImplINS6_11ValuePolicyINS0_9EqMatcherINSt7__cxx1112basic_stringIcS4_SaIcEEEEELb0EEEEEDTcldtclsrT_3Getfp_E15MatchAndExplainfp0_clptfp1_L_ZNS_19MatchResultListener6streamEvEEEERKS6_RKS5_PSH_
FNDA:0,_ZN7testing8internal11MatcherBaseINSt7__cxx1112basic_stringIcSt11char_traitsIcESaIcEEEE12DescribeImplINS8_11ValuePolicyINS0_9EqMatcherIS7_EELb0EEEEEvRKS8_PSob
FNDA:0,_ZN7testing8internal11MatcherBaseIRKNSt7__cxx1112basic_stringIcSt11char_traitsIcESaIcEEEE12DescribeImplINSA_11ValuePolicyINS0_9EqMatcherIS7_EELb0EEEEEvRKSA_PSob
FNDA:0,_ZN7testing8internal11MatcherBaseIRKSt17basic_string_viewIcSt11char_traitsIcEEE12DescribeImplINS8_11ValuePolicyINS0_9EqMatcherINSt7__cxx1112basic_stringIcS4_SaIcEEEEELb0EEEEEvRKS8_PSob
FNDA:0,_ZN7testing8internal11MatcherBaseISt17basic_string_viewIcSt11char_traitsIcEEE12DescribeImplINS6_11ValuePolicyINS0_9EqMatcherINSt7__cxx1112basic_stringIcS4_SaIcEEEEELb0EEEEEvRKS6_PSob
FNDA:0,_ZN7testing8internal11MatcherBaseINSt7__cxx1112basic_stringIcSt11char_traitsIcESaIcEEEE16GetDescriberImplINS8_11ValuePolicyINS0_9EqMatcherIS7_EELb0EEEEEPKNS_25MatcherDescriberInterfaceERKS8_
FNDA:0,_ZN7testing8internal11MatcherBaseIRKNSt7__cxx1112basic_stringIcSt11char_traitsIcESaIcEEEE16GetDescriberImplINSA_11ValuePolicyINS0_9EqMatcherIS7_EELb0EEEEEPKNS_25MatcherDescriberInterfaceERKSA_
FNDA:0,_ZN7testing8internal11MatcherBaseIRKSt17basic_string_viewIcSt11char_traitsIcEEE16GetDescriberImplINS8_11ValuePolicyINS0_9EqMatcherINSt7__cxx1112basic_stringIcS4_SaIcEEEEELb0EEEEEPKNS_25MatcherDescriberInterfaceERKS8_
FNDA:0,_ZN7testing8internal11MatcherBaseISt17basic_string_viewIcSt11char_traitsIcEEE16GetDescriberImplINS6_11ValuePolicyINS0_9EqMatcherINSt7__cxx1112basic_stringIcS4_SaIcEEEEELb0EEEEEPKNS_25MatcherDescriberInterfaceERKS6_
FNDA:0,_ZN7testing8internal11MatcherBaseINSt7__cxx1112basic_stringIcSt11char_traitsIcESaIcEEEE9GetVTableINS8_11ValuePolicyINS0_9EqMatcherIS7_EELb0EEEEEPKNS8_6VTableEv
FNDA:0,_ZN7testing8internal11MatcherBaseIRKNSt7__cxx1112basic_stringIcSt11char_traitsIcESaIcEEEE9GetVTableINSA_11ValuePolicyINS0_9EqMatcherIS7_EELb0EEEEEPKNSA_6VTableEv
FNDA:0,_ZN7testing8internal11MatcherBaseIRKSt17basic_string_viewIcSt11char_traitsIcEEE9GetVTableINS8_11ValuePolicyINS0_9EqMatcherINSt7__cxx1112basic_stringIcS4_SaIcEEEEELb0EEEEEPKNS8_6VTableEv
FNDA:0,_ZN7testing8internal11MatcherBaseISt17basic_string_viewIcSt11char_traitsIcEEE9GetVTableINS6_11ValuePolicyINS0_9EqMatcherINSt7__cxx1112basic_stringIcS4_SaIcEEEEELb0EEEEEPKNS6_6VTableEv
FNDA:0,_ZN7testing8internal11MatcherBaseINSt7__cxx1112basic_stringIcSt11char_traitsIcESaIcEEEE7DestroyEv
FNDA:0,_ZN7testing8internal11MatcherBaseIRKNSt7__cxx1112basic_stringIcSt11char_traitsIcESaIcEEEE7DestroyEv
FNDA:0,_ZN7testing8internal11MatcherBaseIRKSt17basic_string_viewIcSt11char_traitsIcEEE7DestroyEv
FNDA:0,_ZN7testing8internal11MatcherBaseISt17basic_string_viewIcSt11char_traitsIcEEE7DestroyEv
FNDA:0,_ZN7testing8internal11MatcherBaseINSt7__cxx1112basic_stringIcSt11char_traitsIcESaIcEEEE11ValuePolicyINS0_9EqMatcherIS7_EELb0EE3GetERKS8_
FNDA:0,_ZN7testing8internal11MatcherBaseIRKNSt7__cxx1112basic_stringIcSt11char_traitsIcESaIcEEEE11ValuePolicyINS0_9EqMatcherIS7_EELb0EE3GetERKSA_
FNDA:0,_ZN7testing8internal11MatcherBaseIRKSt17basic_string_viewIcSt11char_traitsIcEEE11ValuePolicyINS0_9EqMatcherINSt7__cxx1112basic_stringIcS4_SaIcEEEEELb0EE3GetERKS8_
FNDA:0,_ZN7testing8internal11MatcherBaseISt17basic_string_viewIcSt11char_traitsIcEEE11ValuePolicyINS0_9EqMatcherINSt7__cxx1112basic_stringIcS4_SaIcEEEEELb0EE3GetERKS6_
FNDA:0,_ZN7testing8internal11MatcherBaseINSt7__cxx1112basic_stringIcSt11char_traitsIcESaIcEEEE11ValuePolicyINS0_9EqMatcherIS7_EELb0EE4InitISB_EEvRS8_OT_
FNDA:0,_ZN7testing8internal11MatcherBaseIRKNSt7__cxx1112basic_stringIcSt11char_traitsIcESaIcEEEE11ValuePolicyINS0_9EqMatcherIS7_EELb0EE4InitISD_EEvRSA_OT_
FNDA:0,_ZN7testing8internal11MatcherBaseIRKSt17basic_string_viewIcSt11char_traitsIcEEE11ValuePolicyINS0_9EqMatcherINSt7__cxx1112basic_stringIcS4_SaIcEEEEELb0EE4InitISF_EEvRS8_OT_
FNDA:0,_ZN7testing8internal11MatcherBaseISt17basic_string_viewIcSt11char_traitsIcEEE11ValuePolicyINS0_9EqMatcherINSt7__cxx1112basic_stringIcS4_SaIcEEEEELb0EE4InitISD_EEvRS6_OT_
FNDA:0,_ZN7testing8internal11MatcherBaseINSt7__cxx1112basic_stringIcSt11char_traitsIcESaIcEEEE4InitINS0_9EqMatcherIS7_EEEEvOT_
FNDA:0,_ZN7testing8internal11MatcherBaseIRKNSt7__cxx1112basic_stringIcSt11char_traitsIcESaIcEEEE4InitINS0_9EqMatcherIS7_EEEEvOT_
FNDA:0,_ZN7testing8internal11MatcherBaseIRKSt17basic_string_viewIcSt11char_traitsIcEEE4InitINS0_9EqMatcherINSt7__cxx1112basic_stringIcS4_SaIcEEEEEEEvOT_
FNDA:0,_ZN7testing8internal11MatcherBaseISt17basic_string_viewIcSt11char_traitsIcEEE4InitINS0_9EqMatcherINSt7__cxx1112basic_stringIcS4_SaIcEEEEEEEvOT_
FNDA:0,_ZN7testing7MatcherIRKNSt7__cxx1112basic_stringIcSt11char_traitsIcESaIcEEEEC2INS_8internal9EqMatcherIS6_EEvEEOT_
FNDA:0,_ZN7testing7MatcherINSt7__cxx1112basic_stringIcSt11char_traitsIcESaIcEEEEC2INS_8internal9EqMatcherIS6_EEvEEOT_
FNDA:0,_ZN7testing7MatcherIRKSt17basic_string_viewIcSt11char_traitsIcEEEC2INS_8internal9EqMatcherINSt7__cxx1112basic_stringIcS3_SaIcEEEEEvEEOT_
FNDA:0,_ZN7testing7MatcherISt17basic_string_viewIcSt11char_traitsIcEEEC2INS_8internal9EqMatcherINSt7__cxx1112basic_stringIcS3_SaIcEEEEEvEEOT_
FNDA:0,_ZN7testing8internal14ComparisonBaseINS0_9EqMatcherINSt7__cxx1112basic_stringIcSt11char_traitsIcESaIcEEEEES8_NS0_5AnyEqEEC2ERKS8_
FNDA:0,_ZNK7testing8internal14ComparisonBaseINS0_9EqMatcherINSt7__cxx1112basic_stringIcSt11char_traitsIcESaIcEEEEES8_NS0_5AnyEqEE15MatchAndExplainIS8_EEbRKT_PSo
FNDA:0,_ZNK7testing8internal14ComparisonBaseINS0_9EqMatcherINSt7__cxx1112basic_stringIcSt11char_traitsIcESaIcEEEEES8_NS0_5AnyEqEE15MatchAndExplainISt17basic_string_viewIcS6_EEEbRKT_PSo
FNDA:0,_ZNK7testing8internal14ComparisonBaseINS0_9EqMatcherINSt7__cxx1112basic_stringIcSt11char_traitsIcESaIcEEEEES8_NS0_5AnyEqEE10DescribeToEPSo
FNDA:0,_ZNK7testing8internal14ComparisonBaseINS0_9EqMatcherINSt7__cxx1112basic_stringIcSt11char_traitsIcESaIcEEEEES8_NS0_5AnyEqEE18DescribeNegationToEPSo
FNDA:0,_ZN7testing8internal14ComparisonBaseINS0_9EqMatcherINSt7__cxx1112basic_stringIcSt11char_traitsIcESaIcEEEEES8_NS0_5AnyEqEE6UnwrapIS8_EERKT_SF_
FNDA:0,_ZN7testing8internal9EqMatcherINSt7__cxx1112basic_stringIcSt11char_traitsIcESaIcEEEEC2ERKS7_
FNDA:0,_ZN7testing8internal9EqMatcherINSt7__cxx1112basic_stringIcSt11char_traitsIcESaIcEEEE4DescEv
FNDA:0,_ZN7testing8internal9EqMatcherINSt7__cxx1112basic_stringIcSt11char_traitsIcESaIcEEEE11NegatedDescEv
FNDA:0,_ZN7testing19MatchResultListenerC2EPSo
FNDA:0,_ZN7testing2EqINSt7__cxx1112basic_stringIcSt11char_traitsIcESaIcEEEEENS_8internal9EqMatcherIT_EES9_
FNDA:0,_ZN7testing19MatchResultListener6streamEv
FNF:94
FNH:0
DA:82,0
DA:94,0
DA:109,0
DA:115,0
DA:130,0
DA:131,0
DA:132,0
DA:133,0
DA:134,0
DA:183,0
DA:184,0
DA:221,0
DA:245,0
DA:251,0
DA:253,0
DA:254,0
DA:255,0
DA:268,0
DA:269,0
DA:270,0
DA:274,0
DA:275,0
DA:276,0
DA:277,0
DA:280,0
DA:281,0
DA:282,0
DA:283,0
DA:286,0
DA:287,0
DA:288,0
DA:289,0
DA:306,0
DA:317,0
DA:318,0
DA:319,0
DA:335,0
DA:336,0
DA:337,0
DA:338,0
DA:340,0
DA:341,0
DA:342,0
DA:343,0
DA:344,0
DA:345,0
DA:346,0
DA:349,0
DA:363,0
DA:364,0
DA:369,0
DA:372,0
DA:383,0
DA:385,0
DA:386,0
DA:388,0
DA:390,0
DA:393,0
DA:405,0
DA:409,0
DA:413,0
DA:425,0
DA:426,0
DA:427,0
DA:429,0
DA:456,0
DA:457,0
DA:460,0
DA:461,0
DA:462,0
DA:481,0
DA:484,0
DA:485,0
DA:486,0
DA:540,0
DA:541,0
DA:564,0
DA:565,0
DA:590,0
DA:591,0
DA:592,0
DA:618,0
DA:619,0
DA:730,0
DA:735,0
DA:736,0
DA:738,0
DA:739,0
DA:740,0
DA:741,0
DA:742,0
DA:743,0
DA:744,0
DA:745,0
DA:749,0
DA:750,0
DA:763,0
DA:764,0
DA:765,0
DA:766,0
DA:895,0
DA:896,0
LF:102
LH:0
end_of_record
TN:
SF:/home/raulpro/Diseño_Software/IE-0417/laboratorio-testing/build/_deps/googletest-src/googletest/include/gtest/gtest-message.h
FN:103,105,_ZN7testing7MessageC2ERKS0_
FN:114,132,_ZN7testing7MessagelsIA100_cEERS0_RKT_
FN:114,132,_ZN7testing7MessagelsIA106_cEERS0_RKT_
FN:114,132,_ZN7testing7MessagelsIA10_cEERS0_RKT_
FN:114,132,_ZN7testing7MessagelsIA11_cEERS0_RKT_
FN:114,132,_ZN7testing7MessagelsIA12_cEERS0_RKT_
FN:114,132,_ZN7testing7MessagelsIA13_cEERS0_RKT_
FN:114,132,_ZN7testing7MessagelsIA14_cEERS0_RKT_
FN:114,132,_ZN7testing7MessagelsIA15_cEERS0_RKT_
FN:114,132,_ZN7testing7MessagelsIA16_cEERS0_RKT_
FN:114,132,_ZN7testing7MessagelsIA17_cEERS0_RKT_
FN:114,132,_ZN7testing7MessagelsIA18_cEERS0_RKT_
FN:114,132,_ZN7testing7MessagelsIA19_cEERS0_RKT_
FN:114,132,_ZN7testing7MessagelsIA20_cEERS0_RKT_
FN:114,132,_ZN7testing7MessagelsIA21_cEERS0_RKT_
FN:114,132,_ZN7testing7MessagelsIA22_cEERS0_RKT_
FN:114,132,_ZN7testing7MessagelsIA24_cEERS0_RKT_
FN:114,132,_ZN7testing7MessagelsIA256_cEERS0_RKT_
FN:114,132,_ZN7testing7MessagelsIA25_cEERS0_RKT_
FN:114,132,_ZN7testing7MessagelsIA27_cEERS0_RKT_
FN:114,132,_ZN7testing7MessagelsIA28_cEERS0_RKT_
FN:114,132,_ZN7testing7MessagelsIA29_cEERS0_RKT_
FN:114,132,_ZN7testing7MessagelsIA2_cEERS0_RKT_
FN:114,132,_ZN7testing7MessagelsIA30_cEERS0_RKT_
FN:114,132,_ZN7testing7MessagelsIA32_cEERS0_RKT_
FN:114,132,_ZN7testing7MessagelsIA33_cEERS0_RKT_
FN:114,132,_ZN7testing7MessagelsIA35_cEERS0_RKT_
FN:114,132,_ZN7testing7MessagelsIA38_cEERS0_RKT_
FN:114,132,_ZN7testing7MessagelsIA39_cEERS0_RKT_
FN:114,132,_ZN7testing7MessagelsIA3_cEERS0_RKT_
FN:114,132,_ZN7testing7MessagelsIA40_cEERS0_RKT_
FN:114,132,_ZN7testing7MessagelsIA41_cEERS0_RKT_
FN:114,132,_ZN7testing7MessagelsIA47_cEERS0_RKT_
FN:114,132,_ZN7testing7MessagelsIA48_cEERS0_RKT_
FN:114,132,_ZN7testing7MessagelsIA4_cEERS0_RKT_
FN:114,132,_ZN7testing7MessagelsIA50_cEERS0_RKT_
FN:114,132,_ZN7testing7MessagelsIA51_cEERS0_RKT_
FN:114,132,_ZN7testing7MessagelsIA52_cEERS0_RKT_
FN:114,132,_ZN7testing7MessagelsIA53_cEERS0_RKT_
FN:114,132,_ZN7testing7MessagelsIA5_cEERS0_RKT_
FN:114,132,_ZN7testing7MessagelsIA60_cEERS0_RKT_
FN:114,132,_ZN7testing7MessagelsIA61_cEERS0_RKT_
FN:114,132,_ZN7testing7MessagelsIA62_cEERS0_RKT_
FN:114,132,_ZN7testing7MessagelsIA63_cEERS0_RKT_
FN:114,132,_ZN7testing7MessagelsIA65_cEERS0_RKT_
FN:114,132,_ZN7testing7MessagelsIA68_cEERS0_RKT_
FN:114,132,_ZN7testing7MessagelsIA6_cEERS0_RKT_
FN:114,132,_ZN7testing7MessagelsIA7_cEERS0_RKT_
FN:114,132,_ZN7testing7MessagelsIA8_cEERS0_RKT_
FN:114,132,_ZN7testing7MessagelsIA95_cEERS0_RKT_
FN:114,132,_ZN7testing7MessagelsIA9_cEERS0_RKT_
FN:114,132,_ZN7testing7MessagelsINS_14TestPartResultEEERS0_RKT_
FN:114,132,_ZN7testing7MessagelsINSt7__cxx1112basic_stringIcSt11char_traitsIcESaIcEEEEERS0_RKT_
FN:114,132,_ZN7testing7MessagelsIS0_EERS0_RKT_
FN:114,132,_ZN7testing7MessagelsIcEERS0_RKT_
FN:114,132,_ZN7testing7MessagelsIdEERS0_RKT_
FN:114,132,_ZN7testing7MessagelsIiEERS0_RKT_
FN:114,132,_ZN7testing7MessagelsIlEERS0_RKT_
FN:114,132,_ZN7testing7MessagelsImEERS0_RKT_
FN:148,155,_ZN7testing7MessagelsIKcEERS0_RKPT_
FN:148,155,_ZN7testing7MessagelsIcEERS0_RKPT_
FN:198,200,_ZN7testinglsERSoRKNS_7MessageE
FN:209,211,_ZN7testing8internal18StreamableToStringIPcEENSt7__cxx1112basic_stringIcSt11char_traitsIcESaIcEEERKT_
FN:209,211,_ZN7testing8internal18StreamableToStringIPwEENSt7__cxx1112basic_stringIcSt11char_traitsIcESaIcEEERKT_
FN:209,211,_ZN7testing8internal18StreamableToStringIiEENSt7__cxx1112basic_stringIcSt11char_traitsIcESaIcEEERKT_
FN:209,211,_ZN7testing8internal18StreamableToStringIlEENSt7__cxx1112basic_stringIcSt11char_traitsIcESaIcEEERKT_
FNDA:0,_ZN7testing7MessageC2ERKS0_
FNDA:0,_ZN7testing7MessagelsIA100_cEERS0_RKT_
FNDA:0,_ZN7testing7MessagelsIA106_cEERS0_RKT_
FNDA:0,_ZN7testing7MessagelsIA10_cEERS0_RKT_
FNDA:0,_ZN7testing7MessagelsIA11_cEERS0_RKT_
FNDA:0,_ZN7testing7MessagelsIA12_cEERS0_RKT_
FNDA:0,_ZN7testing7MessagelsIA13_cEERS0_RKT_
FNDA:0,_ZN7testing7MessagelsIA14_cEERS0_RKT_
FNDA:0,_ZN7testing7MessagelsIA15_cEERS0_RKT_
FNDA:0,_ZN7testing7MessagelsIA16_cEERS0_RKT_
FNDA:0,_ZN7testing7MessagelsIA17_cEERS0_RKT_
FNDA:0,_ZN7testing7MessagelsIA18_cEERS0_RKT_
FNDA:0,_ZN7testing7MessagelsIA19_cEERS0_RKT_
FNDA:0,_ZN7testing7MessagelsIA20_cEERS0_RKT_
FNDA:0,_ZN7testing7MessagelsIA21_cEERS0_RKT_
FNDA:0,_ZN7testing7MessagelsIA22_cEERS0_RKT_
FNDA:0,_ZN7testing7MessagelsIA24_cEERS0_RKT_
FNDA:0,_ZN7testing7MessagelsIA256_cEERS0_RKT_
FNDA:0,_ZN7testing7MessagelsIA25_cEERS0_RKT_
FNDA:0,_ZN7testing7MessagelsIA27_cEERS0_RKT_
FNDA:0,_ZN7testing7MessagelsIA28_cEERS0_RKT_
FNDA:0,_ZN7testing7MessagelsIA29_cEERS0_RKT_
FNDA:0,_ZN7testing7MessagelsIA2_cEERS0_RKT_
FNDA:0,_ZN7testing7MessagelsIA30_cEERS0_RKT_
FNDA:0,_ZN7testing7MessagelsIA32_cEERS0_RKT_
FNDA:0,_ZN7testing7MessagelsIA33_cEERS0_RKT_
FNDA:0,_ZN7testing7MessagelsIA35_cEERS0_RKT_
FNDA:0,_ZN7testing7MessagelsIA38_cEERS0_RKT_
FNDA:0,_ZN7testing7MessagelsIA39_cEERS0_RKT_
FNDA:0,_ZN7testing7MessagelsIA3_cEERS0_RKT_
FNDA:0,_ZN7testing7MessagelsIA40_cEERS0_RKT_
FNDA:0,_ZN7testing7MessagelsIA41_cEERS0_RKT_
FNDA:0,_ZN7testing7MessagelsIA47_cEERS0_RKT_
FNDA:0,_ZN7testing7MessagelsIA48_cEERS0_RKT_
FNDA:0,_ZN7testing7MessagelsIA4_cEERS0_RKT_
FNDA:0,_ZN7testing7MessagelsIA50_cEERS0_RKT_
FNDA:0,_ZN7testing7MessagelsIA51_cEERS0_RKT_
FNDA:0,_ZN7testing7MessagelsIA52_cEERS0_RKT_
FNDA:0,_ZN7testing7MessagelsIA53_cEERS0_RKT_
FNDA:0,_ZN7testing7MessagelsIA5_cEERS0_RKT_
FNDA:0,_ZN7testing7MessagelsIA60_cEERS0_RKT_
FNDA:0,_ZN7testing7MessagelsIA61_cEERS0_RKT_
FNDA:0,_ZN7testing7MessagelsIA62_cEERS0_RKT_
FNDA:0,_ZN7testing7MessagelsIA63_cEERS0_RKT_
FNDA:0,_ZN7testing7MessagelsIA65_cEERS0_RKT_
FNDA:0,_ZN7testing7MessagelsIA68_cEERS0_RKT_
FNDA:0,_ZN7testing7MessagelsIA6_cEERS0_RKT_
FNDA:42,_ZN7testing7MessagelsIA7_cEERS0_RKT_
FNDA:0,_ZN7testing7MessagelsIA8_cEERS0_RKT_
FNDA:0,_ZN7testing7MessagelsIA95_cEERS0_RKT_
FNDA:0,_ZN7testing7MessagelsIA9_cEERS0_RKT_
FNDA:0,_ZN7testing7MessagelsINS_14TestPartResultEEERS0_RKT_
FNDA:0,_ZN7testing7MessagelsINSt7__cxx1112basic_stringIcSt11char_traitsIcESaIcEEEEERS0_RKT_
FNDA:0,_ZN7testing7MessagelsIS0_EERS0_RKT_
FNDA:828,_ZN7testing7MessagelsIcEERS0_RKT_
FNDA:0,_ZN7testing7MessagelsIdEERS0_RKT_
FNDA:11,_ZN7testing7MessagelsIiEERS0_RKT_
FNDA:45,_ZN7testing7MessagelsIlEERS0_RKT_
FNDA:0,_ZN7testing7MessagelsImEERS0_RKT_
FNDA:42,_ZN7testing7MessagelsIKcEERS0_RKPT_
FNDA:4,_ZN7testing7MessagelsIcEERS0_RKPT_
FNDA:0,_ZN7testinglsERSoRKNS_7MessageE
FNDA:4,_ZN7testing8internal18StreamableToStringIPcEENSt7__cxx1112basic_stringIcSt11char_traitsIcESaIcEEERKT_
FNDA:0,_ZN7testing8internal18StreamableToStringIPwEENSt7__cxx1112basic_stringIcSt11char_traitsIcESaIcEEERKT_
FNDA:11,_ZN7testing8internal18StreamableToStringIiEENSt7__cxx1112basic_stringIcSt11char_traitsIcESaIcEEERKT_
FNDA:45,_ZN7testing8internal18StreamableToStringIlEENSt7__cxx1112basic_stringIcSt11char_traitsIcESaIcEEERKT_
FNF:66
FNH:9
DA:103,0
DA:104,0
DA:105,0
DA:114,926
DA:130,926
DA:131,926
DA:148,46
DA:149,46
DA:150,0
DA:152,46
DA:154,46
DA:198,0
DA:199,0
DA:209,60
DA:210,60
LF:15
LH:9
end_of_record
TN:
SF:/home/raulpro/Diseño_Software/IE-0417/laboratorio-testing/build/_deps/googletest-src/googletest/include/gtest/gtest-printers.h
FN:1035,1039,_ZN7testing13PrintToStringINSt7__cxx1112basic_stringIcSt11char_traitsIcESaIcEEEEES6_RKT_
FN:1035,1039,_ZN7testing13PrintToStringIPKcEENSt7__cxx1112basic_stringIcSt11char_traitsIcESaIcEEERKT_
FN:1035,1039,_ZN7testing13PrintToStringIPKwEENSt7__cxx1112basic_stringIcSt11char_traitsIcESaIcEEERKT_
FN:1035,1039,_ZN7testing13PrintToStringIcEENSt7__cxx1112basic_stringIcSt11char_traitsIcESaIcEEERKT_
FN:1035,1039,_ZN7testing13PrintToStringIiEENSt7__cxx1112basic_stringIcSt11char_traitsIcESaIcEEERKT_
FN:213,217,_ZN7testing8internal52internal_stream_operator_without_lexical_name_lookup13StreamPrinter10PrintValueIivRSoEEvRKT_PSo
FN:305,312,_ZN7testing8internal17PrintWithFallbackIiEEvRKT_PSo
FN:332,334,_ZN7testing8internal19FormatForComparisonINSt7__cxx1112basic_stringIcSt11char_traitsIcESaIcEEEA1_cE6FormatERKS7_
FN:332,334,_ZN7testing8internal19FormatForComparisonINSt7__cxx1112basic_stringIcSt11char_traitsIcESaIcEEEA5_cE6FormatERKS7_
FN:332,334,_ZN7testing8internal19FormatForComparisonINSt7__cxx1112basic_stringIcSt11char_traitsIcESaIcEEEA8_cE6FormatERKS7_
FN:332,334,_ZN7testing8internal19FormatForComparisonIccE6FormatB5cxx11ERKc
FN:332,334,_ZN7testing8internal19FormatForComparisonIiiE6FormatB5cxx11ERKi
FN:341,343,_ZN7testing8internal19FormatForComparisonIA1_cNSt7__cxx1112basic_stringIcSt11char_traitsIcESaIcEEEE6FormatEPKc
FN:341,343,_ZN7testing8internal19FormatForComparisonIA5_cNSt7__cxx1112basic_stringIcSt11char_traitsIcESaIcEEEE6FormatEPKc
FN:341,343,_ZN7testing8internal19FormatForComparisonIA8_cNSt7__cxx1112basic_stringIcSt11char_traitsIcESaIcEEEE6FormatEPKc
FN:386,386,_ZN7testing8internal19FormatForComparisonIPKcNSt7__cxx1112basic_stringIcSt11char_traitsIcESaIcEEEE6FormatES3_
FN:412,415,_ZN7testing8internal33FormatForComparisonFailureMessageIA1_cNSt7__cxx1112basic_stringIcSt11char_traitsIcESaIcEEEEES8_RKT_RKT0_
FN:412,415,_ZN7testing8internal33FormatForComparisonFailureMessageIA5_cNSt7__cxx1112basic_stringIcSt11char_traitsIcESaIcEEEEES8_RKT_RKT0_
FN:412,415,_ZN7testing8internal33FormatForComparisonFailureMessageIA8_cNSt7__cxx1112basic_stringIcSt11char_traitsIcESaIcEEEEES8_RKT_RKT0_
FN:412,415,_ZN7testing8internal33FormatForComparisonFailureMessageINSt7__cxx1112basic_stringIcSt11char_traitsIcESaIcEEEA1_cEES7_RKT_RKT0_
FN:412,415,_ZN7testing8internal33FormatForComparisonFailureMessageINSt7__cxx1112basic_stringIcSt11char_traitsIcESaIcEEEA5_cEES7_RKT_RKT0_
FN:412,415,_ZN7testing8internal33FormatForComparisonFailureMessageINSt7__cxx1112basic_stringIcSt11char_traitsIcESaIcEEEA8_cEES7_RKT_RKT0_
FN:412,415,_ZN7testing8internal33FormatForComparisonFailureMessageIccEENSt7__cxx1112basic_stringIcSt11char_traitsIcESaIcEEERKT_RKT0_
FN:412,415,_ZN7testing8internal33FormatForComparisonFailureMessageIiiEENSt7__cxx1112basic_stringIcSt11char_traitsIcESaIcEEERKT_RKT0_
FN:439,441,_ZN7testing8internal7PrintToIiEEvRKT_PSo
FN:450,455,_ZN7testing8internal7PrintToEcPSo
FN:554,556,_ZN7testing8internal7PrintToERKNSt7__cxx1112basic_stringIcSt11char_traitsIcESaIcEEEPSo
FN:581,583,_ZN7testing8internal7PrintToERKNSt7__cxx1112basic_stringIwSt11char_traitsIwESaIwEEEPSo
FN:693,703,_ZN7testing8internal16UniversalPrinterINSt7__cxx1112basic_stringIcSt11char_traitsIcESaIcEEEE5PrintERKS7_PSo
FN:693,703,_ZN7testing8internal16UniversalPrinterINSt7__cxx1112basic_stringIwSt11char_traitsIwESaIwEEEE5PrintERKS7_PSo
FN:693,703,_ZN7testing8internal16UniversalPrinterIcE5PrintERKcPSo
FN:693,703,_ZN7testing8internal16UniversalPrinterIiE5PrintERKiPSo
FN:883,885,_ZN7testing8internal21UniversalTersePrinterINSt7__cxx1112basic_stringIcSt11char_traitsIcESaIcEEEE5PrintERKS7_PSo
FN:883,885,_ZN7testing8internal21UniversalTersePrinterIcE5PrintERKcPSo
FN:883,885,_ZN7testing8internal21UniversalTersePrinterIiE5PrintERKiPSo
FN:904,910,_ZN7testing8internal21UniversalTersePrinterIPKcE5PrintES3_PSo
FN:967,973,_ZN7testing8internal21UniversalTersePrinterIPKwE5PrintES3_PSo
FN:995,1000,_ZN7testing8internal14UniversalPrintINSt7__cxx1112basic_stringIcSt11char_traitsIcESaIcEEEEEvRKT_PSo
FN:995,1000,_ZN7testing8internal14UniversalPrintINSt7__cxx1112basic_stringIwSt11char_traitsIwESaIwEEEEEvRKT_PSo
FN:995,1000,_ZN7testing8internal14UniversalPrintIcEEvRKT_PSo
FN:995,1000,_ZN7testing8internal14UniversalPrintIiEEvRKT_PSo
FNDA:0,_ZN7testing13PrintToStringINSt7__cxx1112basic_stringIcSt11char_traitsIcESaIcEEEEES6_RKT_
FNDA:0,_ZN7testing13PrintToStringIPKcEENSt7__cxx1112basic_stringIcSt11char_traitsIcESaIcEEERKT_
FNDA:0,_ZN7testing13PrintToStringIPKwEENSt7__cxx1112basic_stringIcSt11char_traitsIcESaIcEEERKT_
FNDA:0,_ZN7testing13PrintToStringIcEENSt7__cxx1112basic_stringIcSt11char_traitsIcESaIcEEERKT_
FNDA:0,_ZN7testing13PrintToStringIiEENSt7__cxx1112basic_stringIcSt11char_traitsIcESaIcEEERKT_
FNDA:0,_ZN7testing8internal52internal_stream_operator_without_lexical_name_lookup13StreamPrinter10PrintValueIivRSoEEvRKT_PSo
FNDA:0,_ZN7testing8internal17PrintWithFallbackIiEEvRKT_PSo
FNDA:0,_ZN7testing8internal19FormatForComparisonINSt7__cxx1112basic_stringIcSt11char_traitsIcESaIcEEEA1_cE6FormatERKS7_
FNDA:0,_ZN7testing8internal19FormatForComparisonINSt7__cxx1112basic_stringIcSt11char_traitsIcESaIcEEEA5_cE6FormatERKS7_
FNDA:0,_ZN7testing8internal19FormatForComparisonINSt7__cxx1112basic_stringIcSt11char_traitsIcESaIcEEEA8_cE6FormatERKS7_
FNDA:0,_ZN7testing8internal19FormatForComparisonIccE6FormatB5cxx11ERKc
FNDA:0,_ZN7testing8internal19FormatForComparisonIiiE6FormatB5cxx11ERKi
FNDA:0,_ZN7testing8internal19FormatForComparisonIA1_cNSt7__cxx1112basic_stringIcSt11char_traitsIcESaIcEEEE6FormatEPKc
FNDA:0,_ZN7testing8internal19FormatForComparisonIA5_cNSt7__cxx1112basic_stringIcSt11char_traitsIcESaIcEEEE6FormatEPKc
FNDA:0,_ZN7testing8internal19FormatForComparisonIA8_cNSt7__cxx1112basic_stringIcSt11char_traitsIcESaIcEEEE6FormatEPKc
FNDA:0,_ZN7testing8internal19FormatForComparisonIPKcNSt7__cxx1112basic_stringIcSt11char_traitsIcESaIcEEEE6FormatES3_
FNDA:0,_ZN7testing8internal33FormatForComparisonFailureMessageIA1_cNSt7__cxx1112basic_stringIcSt11char_traitsIcESaIcEEEEES8_RKT_RKT0_
FNDA:0,_ZN7testing8internal33FormatForComparisonFailureMessageIA5_cNSt7__cxx1112basic_stringIcSt11char_traitsIcESaIcEEEEES8_RKT_RKT0_
FNDA:0,_ZN7testing8internal33FormatForComparisonFailureMessageIA8_cNSt7__cxx1112basic_stringIcSt11char_traitsIcESaIcEEEEES8_RKT_RKT0_
FNDA:0,_ZN7testing8internal33FormatForComparisonFailureMessageINSt7__cxx1112basic_stringIcSt11char_traitsIcESaIcEEEA1_cEES7_RKT_RKT0_
FNDA:0,_ZN7testing8internal33FormatForComparisonFailureMessageINSt7__cxx1112basic_stringIcSt11char_traitsIcESaIcEEEA5_cEES7_RKT_RKT0_
FNDA:0,_ZN7testing8internal33FormatForComparisonFailureMessageINSt7__cxx1112basic_stringIcSt11char_traitsIcESaIcEEEA8_cEES7_RKT_RKT0_
FNDA:0,_ZN7testing8internal33FormatForComparisonFailureMessageIccEENSt7__cxx1112basic_stringIcSt11char_traitsIcESaIcEEERKT_RKT0_
FNDA:0,_ZN7testing8internal33FormatForComparisonFailureMessageIiiEENSt7__cxx1112basic_stringIcSt11char_traitsIcESaIcEEERKT_RKT0_
FNDA:0,_ZN7testing8internal7PrintToIiEEvRKT_PSo
FNDA:0,_ZN7testing8internal7PrintToEcPSo
FNDA:0,_ZN7testing8internal7PrintToERKNSt7__cxx1112basic_stringIcSt11char_traitsIcESaIcEEEPSo
FNDA:0,_ZN7testing8internal7PrintToERKNSt7__cxx1112basic_stringIwSt11char_traitsIwESaIwEEEPSo
FNDA:0,_ZN7testing8internal16UniversalPrinterINSt7__cxx1112basic_stringIcSt11char_traitsIcESaIcEEEE5PrintERKS7_PSo
FNDA:0,_ZN7testing8internal16UniversalPrinterINSt7__cxx1112basic_stringIwSt11char_traitsIwESaIwEEEE5PrintERKS7_PSo
FNDA:0,_ZN7testing8internal16UniversalPrinterIcE5PrintERKcPSo
FNDA:0,_ZN7testing8internal16UniversalPrinterIiE5PrintERKiPSo
FNDA:0,_ZN7testing8internal21UniversalTersePrinterINSt7__cxx1112basic_stringIcSt11char_traitsIcESaIcEEEE5PrintERKS7_PSo
FNDA:0,_ZN7testing8internal21UniversalTersePrinterIcE5PrintERKcPSo
FNDA:0,_ZN7testing8internal21UniversalTersePrinterIiE5PrintERKiPSo
FNDA:0,_ZN7testing8internal21UniversalTersePrinterIPKcE5PrintES3_PSo
FNDA:0,_ZN7testing8internal21UniversalTersePrinterIPKwE5PrintES3_PSo
FNDA:0,_ZN7testing8internal14UniversalPrintINSt7__cxx1112basic_stringIcSt11char_traitsIcESaIcEEEEEvRKT_PSo
FNDA:0,_ZN7testing8internal14UniversalPrintINSt7__cxx1112basic_stringIwSt11char_traitsIwESaIwEEEEEvRKT_PSo
FNDA:0,_ZN7testing8internal14UniversalPrintIcEEvRKT_PSo
FNDA:0,_ZN7testing8internal14UniversalPrintIiEEvRKT_PSo
FNF:41
FNH:0
DA:213,0
DA:216,0
DA:217,0
DA:305,0
DA:311,0
DA:312,0
DA:332,0
DA:333,0
DA:341,0
DA:342,0
DA:386,0
DA:412,0
DA:414,0
DA:439,0
DA:440,0
DA:441,0
DA:450,0
DA:454,0
DA:455,0
DA:554,0
DA:555,0
DA:556,0
DA:581,0
DA:582,0
DA:583,0
DA:693,0
DA:702,0
DA:703,0
DA:883,0
DA:884,0
DA:885,0
DA:904,0
DA:905,0
DA:906,0
DA:908,0
DA:910,0
DA:967,0
DA:968,0
DA:969,0
DA:971,0
DA:973,0
DA:995,0
DA:999,0
DA:1000,0
DA:1035,0
DA:1036,0
DA:1037,0
DA:1038,0
DA:1039,0
LF:49
LH:0
end_of_record
TN:
SF:/home/raulpro/Diseño_Software/IE-0417/laboratorio-testing/build/_deps/googletest-src/googletest/include/gtest/gtest-test-part.h
FN:100,100,_ZNK7testing14TestPartResult17nonfatally_failedEv
FN:103,103,_ZNK7testing14TestPartResult14fatally_failedEv
FN:106,106,_ZNK7testing14TestPartResult6failedEv
FN:155,155,_ZN7testing31TestPartResultReporterInterfaceD0Ev
FN:155,155,_ZN7testing31TestPartResultReporterInterfaceD2Ev
FN:66,72,_ZN7testing14TestPartResultC2ENS0_4TypeEPKciS3_
FN:75,75,_ZNK7testing14TestPartResult4typeEv
FN:79,81,_ZNK7testing14TestPartResult9file_nameEv
FN:85,85,_ZNK7testing14TestPartResult11line_numberEv
FN:88,88,_ZNK7testing14TestPartResult7summaryEv
FN:91,91,_ZNK7testing14TestPartResult7messageEv
FN:94,94,_ZNK7testing14TestPartResult7skippedEv
FNDA:0,_ZNK7testing14TestPartResult17nonfatally_failedEv
FNDA:0,_ZNK7testing14TestPartResult14fatally_failedEv
FNDA:0,_ZNK7testing14TestPartResult6failedEv
FNDA:0,_ZN7testing31TestPartResultReporterInterfaceD0Ev
FNDA:4,_ZN7testing31TestPartResultReporterInterfaceD2Ev
FNDA:0,_ZN7testing14TestPartResultC2ENS0_4TypeEPKciS3_
FNDA:0,_ZNK7testing14TestPartResult4typeEv
FNDA:0,_ZNK7testing14TestPartResult9file_nameEv
FNDA:0,_ZNK7testing14TestPartResult11line_numberEv
FNDA:0,_ZNK7testing14TestPartResult7summaryEv
FNDA:0,_ZNK7testing14TestPartResult7messageEv
FNDA:0,_ZNK7testing14TestPartResult7skippedEv
FNF:12
FNH:1
DA:66,0
DA:68,0
DA:69,0
DA:70,0
DA:71,0
DA:72,0
DA:75,0
DA:79,0
DA:80,0
DA:85,0
DA:88,0
DA:91,0
DA:94,0
DA:100,0
DA:103,0
DA:106,0
DA:155,4
LF:17
LH:1
end_of_record
TN:
SF:/home/raulpro/Diseño_Software/IE-0417/laboratorio-testing/build/_deps/googletest-src/googletest/include/gtest/gtest.h
FN:1001,1001,_ZN7testing22EmptyTestEventListener16OnTestProgramEndERKNS_8UnitTestE
FN:1246,1246,_ZN7testing8UnitTest4implEv
FN:1247,1247,_ZNK7testing8UnitTest4implEv
FN:1338,1344,_ZN7testing8internal18CmpHelperEQFailureINSt7__cxx1112basic_stringIcSt11char_traitsIcESaIcEEEA1_cEENS_15AssertionResultEPKcSB_RKT_RKT0_
FN:1338,1344,_ZN7testing8internal18CmpHelperEQFailureINSt7__cxx1112basic_stringIcSt11char_traitsIcESaIcEEEA5_cEENS_15AssertionResultEPKcSB_RKT_RKT0_
FN:1338,1344,_ZN7testing8internal18CmpHelperEQFailureINSt7__cxx1112basic_stringIcSt11char_traitsIcESaIcEEEA8_cEENS_15AssertionResultEPKcSB_RKT_RKT0_
FN:1338,1344,_ZN7testing8internal18CmpHelperEQFailureIccEENS_15AssertionResultEPKcS4_RKT_RKT0_
FN:1338,1344,_ZN7testing8internal18CmpHelperEQFailureIiiEENS_15AssertionResultEPKcS4_RKT_RKT0_
FN:1355,1363,_ZN7testing8internal11CmpHelperEQINSt7__cxx1112basic_stringIcSt11char_traitsIcESaIcEEEA1_cEENS_15AssertionResultEPKcSB_RKT_RKT0_
FN:1355,1363,_ZN7testing8internal11CmpHelperEQINSt7__cxx1112basic_stringIcSt11char_traitsIcESaIcEEEA5_cEENS_15AssertionResultEPKcSB_RKT_RKT0_
FN:1355,1363,_ZN7testing8internal11CmpHelperEQINSt7__cxx1112basic_stringIcSt11char_traitsIcESaIcEEEA8_cEENS_15AssertionResultEPKcSB_RKT_RKT0_
FN:1355,1363,_ZN7testing8internal11CmpHelperEQIccEENS_15AssertionResultEPKcS4_RKT_RKT0_
FN:1355,1363,_ZN7testing8internal11CmpHelperEQIiiEENS_15AssertionResultEPKcS4_RKT_RKT0_
FN:1374,1378,_ZN7testing8internal8EqHelper7CompareINSt7__cxx1112basic_stringIcSt11char_traitsIcESaIcEEEA1_cLPv0EEENS_15AssertionResultEPKcSD_RKT_RKT0_
FN:1374,1378,_ZN7testing8internal8EqHelper7CompareINSt7__cxx1112basic_stringIcSt11char_traitsIcESaIcEEEA5_cLPv0EEENS_15AssertionResultEPKcSD_RKT_RKT0_
FN:1374,1378,_ZN7testing8internal8EqHelper7CompareINSt7__cxx1112basic_stringIcSt11char_traitsIcESaIcEEEA8_cLPv0EEENS_15AssertionResultEPKcSD_RKT_RKT0_
FN:1374,1378,_ZN7testing8internal8EqHelper7CompareIccLPv0EEENS_15AssertionResultEPKcS6_RKT_RKT0_
FN:1374,1378,_ZN7testing8internal8EqHelper7CompareIiiLPv0EEENS_15AssertionResultEPKcS6_RKT_RKT0_
FN:1407,1414,_ZN7testing8internal18CmpHelperOpFailureIiiEENS_15AssertionResultEPKcS4_RKT_RKT0_S4_
FN:1436,1436,_ZN7testing8internal11CmpHelperNEIiiEENS_15AssertionResultEPKcS4_RKT_RKT0_
FN:1546,1566,_ZN7testing8internal24CmpHelperFloatingPointEQIdEENS_15AssertionResultEPKcS4_T_S5_
FN:1596,1598,_ZN7testing8internal12AssertHelper16AssertHelperDataC2ENS_14TestPartResult4TypeEPKciS6_
FN:2259,2279,_ZN7testing12RegisterTestIJEZNS_8internal23InsertSyntheticTestCaseERKNSt7__cxx1112basic_stringIcSt11char_traitsIcESaIcEEENS1_12CodeLocationEbEUlvE_EEPNS_8TestInfoEPKcSF_SF_SF_SF_iT0_
FN:2259,2279,_ZN7testing12RegisterTestIJEZNS_8internal34TypeParameterizedTestSuiteRegistry22CheckForInstantiationsEvEUlvE_EEPNS_8TestInfoEPKcS7_S7_S7_S7_iT0_
FN:2266,2266,_ZZN7testing12RegisterTestIJEZNS_8internal23InsertSyntheticTestCaseERKNSt7__cxx1112basic_stringIcSt11char_traitsIcESaIcEEENS1_12CodeLocationEbEUlvE_EEPNS_8TestInfoEPKcSF_SF_SF_SF_iT0_EN11FactoryImplC2ESB_
FN:2266,2266,_ZZN7testing12RegisterTestIJEZNS_8internal34TypeParameterizedTestSuiteRegistry22CheckForInstantiationsEvEUlvE_EEPNS_8TestInfoEPKcS7_S7_S7_S7_iT0_EN11FactoryImplC2ES3_
FN:2267,2267,_ZZN7testing12RegisterTestIJEZNS_8internal23InsertSyntheticTestCaseERKNSt7__cxx1112basic_stringIcSt11char_traitsIcESaIcEEENS1_12CodeLocationEbEUlvE_EEPNS_8TestInfoEPKcSF_SF_SF_SF_iT0_EN11FactoryImpl10CreateTestEv
FN:2267,2267,_ZZN7testing12RegisterTestIJEZNS_8internal34TypeParameterizedTestSuiteRegistry22CheckForInstantiationsEvEUlvE_EEPNS_8TestInfoEPKcS7_S7_S7_S7_iT0_EN11FactoryImpl10CreateTestEv
FN:2293,2293,_Z13RUN_ALL_TESTSv
FN:244,244,_ZN7testing4Test14SetUpTestSuiteEv
FN:252,252,_ZN7testing4Test17TearDownTestSuiteEv
FN:257,257,_ZN7testing4Test16TearDownTestCaseEv
FN:258,258,_ZN7testing4Test13SetUpTestCaseEv
FN:318,318,_ZN7testing4Test11DeleteSelf_Ev
FN:339,339,_ZN7testing4Test5SetupEv
FN:357,358,_ZN7testing12TestPropertyC2ERKNSt7__cxx1112basic_stringIcSt11char_traitsIcESaIcEEES8_
FN:361,361,_ZNK7testing12TestProperty3keyEv
FN:364,364,_ZNK7testing12TestProperty5valueEv
FN:367,367,_ZN7testing12TestProperty8SetValueERKNSt7__cxx1112basic_stringIcSt11char_traitsIcESaIcEEE
FN:398,398,_ZNK7testing10TestResult6PassedEv
FN:413,413,_ZNK7testing10TestResult12elapsed_timeEv
FN:417,417,_ZNK7testing10TestResult15start_timestampEv
FN:450,450,_ZN7testing10TestResult19set_start_timestampEl
FN:453,453,_ZN7testing10TestResult16set_elapsed_timeEl
FN:474,474,_ZNK7testing10TestResult16death_test_countEv
FN:477,477,_ZN7testing10TestResult26increment_death_test_countEv
FN:523,523,_ZNK7testing8TestInfo15test_suite_nameEv
FN:531,531,_ZNK7testing8TestInfo4nameEv
FN:535,538,_ZNK7testing8TestInfo10type_paramEv
FN:542,545,_ZNK7testing8TestInfo11value_paramEv
FN:548,548,_ZNK7testing8TestInfo4fileEv
FN:551,551,_ZNK7testing8TestInfo4lineEv
FN:554,554,_ZNK7testing8TestInfo19is_in_another_shardEv
FN:572,572,_ZNK7testing8TestInfo10should_runEv
FN:575,579,_ZNK7testing8TestInfo13is_reportableEv
FN:582,582,_ZNK7testing8TestInfo6resultEv
FN:610,612,_ZN7testing8TestInfo26increment_death_test_countEv
FN:621,623,_ZN7testing8TestInfo15ClearTestResultEPS0_
FN:677,677,_ZNK7testing9TestSuite4nameEv
FN:681,684,_ZNK7testing9TestSuite10type_paramEv
FN:687,687,_ZNK7testing9TestSuite10should_runEv
FN:714,714,_ZNK7testing9TestSuite6PassedEv
FN:717,719,_ZNK7testing9TestSuite6FailedEv
FN:722,722,_ZNK7testing9TestSuite12elapsed_timeEv
FN:726,726,_ZNK7testing9TestSuite15start_timestampEv
FN:734,734,_ZNK7testing9TestSuite18ad_hoc_test_resultEv
FN:741,741,_ZN7testing9TestSuite14test_info_listEv
FN:744,746,_ZNK7testing9TestSuite14test_info_listEv
FN:753,753,_ZN7testing9TestSuite14set_should_runEb
FN:763,765,_ZN7testing9TestSuite20ClearTestSuiteResultEPS0_
FN:775,779,_ZN7testing9TestSuite17RunSetUpTestSuiteEv
FN:783,787,_ZN7testing9TestSuite20RunTearDownTestSuiteEv
FN:790,792,_ZN7testing9TestSuite10TestPassedEPKNS_8TestInfoE
FN:795,797,_ZN7testing9TestSuite11TestSkippedEPKNS_8TestInfoE
FN:800,802,_ZN7testing9TestSuite10TestFailedEPKNS_8TestInfoE
FN:806,808,_ZN7testing9TestSuite22TestReportableDisabledEPKNS_8TestInfoE
FN:811,813,_ZN7testing9TestSuite12TestDisabledEPKNS_8TestInfoE
FN:816,818,_ZN7testing9TestSuite14TestReportableEPKNS_8TestInfoE
FN:821,823,_ZN7testing9TestSuite13ShouldRunTestEPKNS_8TestInfoE
FN:910,910,_ZN7testing17TestEventListenerD0Ev
FN:910,910,_ZN7testing17TestEventListenerD2Ev
FN:928,928,_ZN7testing17TestEventListener16OnTestSuiteStartERKNS_9TestSuiteE
FN:932,932,_ZN7testing17TestEventListener15OnTestCaseStartERKNS_9TestSuiteE
FN:939,939,_ZN7testing17TestEventListener14OnTestDisabledERKNS_8TestInfoE
FN:950,950,_ZN7testing17TestEventListener14OnTestSuiteEndERKNS_9TestSuiteE
FN:954,954,_ZN7testing17TestEventListener13OnTestCaseEndERKNS_9TestSuiteE
FN:977,977,_ZN7testing22EmptyTestEventListener18OnTestProgramStartERKNS_8UnitTestE
FN:978,979,_ZN7testing22EmptyTestEventListener20OnTestIterationStartERKNS_8UnitTestEi
FN:980,980,_ZN7testing22EmptyTestEventListener24OnEnvironmentsSetUpStartERKNS_8UnitTestE
FN:981,981,_ZN7testing22EmptyTestEventListener22OnEnvironmentsSetUpEndERKNS_8UnitTestE
FN:982,982,_ZN7testing22EmptyTestEventListener16OnTestSuiteStartERKNS_9TestSuiteE
FN:985,985,_ZN7testing22EmptyTestEventListener15OnTestCaseStartERKNS_9TestSuiteE
FN:988,988,_ZN7testing22EmptyTestEventListener11OnTestStartERKNS_8TestInfoE
FN:989,989,_ZN7testing22EmptyTestEventListener14OnTestDisabledERKNS_8TestInfoE
FN:990,990,_ZN7testing22EmptyTestEventListener16OnTestPartResultERKNS_14TestPartResultE
FN:991,991,_ZN7testing22EmptyTestEventListener9OnTestEndERKNS_8TestInfoE
FN:992,992,_ZN7testing22EmptyTestEventListener14OnTestSuiteEndERKNS_9TestSuiteE
FN:994,994,_ZN7testing22EmptyTestEventListener13OnTestCaseEndERKNS_9TestSuiteE
FN:997,997,_ZN7testing22EmptyTestEventListener27OnEnvironmentsTearDownStartERKNS_8UnitTestE
FN:998,998,_ZN7testing22EmptyTestEventListener25OnEnvironmentsTearDownEndERKNS_8UnitTestE
FN:999,1000,_ZN7testing22EmptyTestEventListener18OnTestIterationEndERKNS_8UnitTestEi
FNDA:0,_ZN7testing22EmptyTestEventListener16OnTestProgramEndERKNS_8UnitTestE
FNDA:639,_ZN7testing8UnitTest4implEv
FNDA:9,_ZNK7testing8UnitTest4implEv
FNDA:0,_ZN7testing8internal18CmpHelperEQFailureINSt7__cxx1112basic_stringIcSt11char_traitsIcESaIcEEEA1_cEENS_15AssertionResultEPKcSB_RKT_RKT0_
FNDA:0,_ZN7testing8internal18CmpHelperEQFailureINSt7__cxx1112basic_stringIcSt11char_traitsIcESaIcEEEA5_cEENS_15AssertionResultEPKcSB_RKT_RKT0_
FNDA:0,_ZN7testing8internal18CmpHelperEQFailureINSt7__cxx1112basic_stringIcSt11char_traitsIcESaIcEEEA8_cEENS_15AssertionResultEPKcSB_RKT_RKT0_
FNDA:0,_ZN7testing8internal18CmpHelperEQFailureIccEENS_15AssertionResultEPKcS4_RKT_RKT0_
FNDA:0,_ZN7testing8internal18CmpHelperEQFailureIiiEENS_15AssertionResultEPKcS4_RKT_RKT0_
FNDA:1,_ZN7testing8internal11CmpHelperEQINSt7__cxx1112basic_stringIcSt11char_traitsIcESaIcEEEA1_cEENS_15AssertionResultEPKcSB_RKT_RKT0_
FNDA:1,_ZN7testing8internal11CmpHelperEQINSt7__cxx1112basic_stringIcSt11char_traitsIcESaIcEEEA5_cEENS_15AssertionResultEPKcSB_RKT_RKT0_
FNDA:1,_ZN7testing8internal11CmpHelperEQINSt7__cxx1112basic_stringIcSt11char_traitsIcESaIcEEEA8_cEENS_15AssertionResultEPKcSB_RKT_RKT0_
FNDA:15,_ZN7testing8internal11CmpHelperEQIccEENS_15AssertionResultEPKcS4_RKT_RKT0_
FNDA:23,_ZN7testing8internal11CmpHelperEQIiiEENS_15AssertionResultEPKcS4_RKT_RKT0_
FNDA:1,_ZN7testing8internal8EqHelper7CompareINSt7__cxx1112basic_stringIcSt11char_traitsIcESaIcEEEA1_cLPv0EEENS_15AssertionResultEPKcSD_RKT_RKT0_
FNDA:1,_ZN7testing8internal8EqHelper7CompareINSt7__cxx1112basic_stringIcSt11char_traitsIcESaIcEEEA5_cLPv0EEENS_15AssertionResultEPKcSD_RKT_RKT0_
FNDA:1,_ZN7testing8internal8EqHelper7CompareINSt7__cxx1112basic_stringIcSt11char_traitsIcESaIcEEEA8_cLPv0EEENS_15AssertionResultEPKcSD_RKT_RKT0_
FNDA:15,_ZN7testing8internal8EqHelper7CompareIccLPv0EEENS_15AssertionResultEPKcS6_RKT_RKT0_
FNDA:23,_ZN7testing8internal8EqHelper7CompareIiiLPv0EEENS_15AssertionResultEPKcS6_RKT_RKT0_
FNDA:0,_ZN7testing8internal18CmpHelperOpFailureIiiEENS_15AssertionResultEPKcS4_RKT_RKT0_S4_
FNDA:1,_ZN7testing8internal11CmpHelperNEIiiEENS_15AssertionResultEPKcS4_RKT_RKT0_
FNDA:1,_ZN7testing8internal24CmpHelperFloatingPointEQIdEENS_15AssertionResultEPKcS4_T_S5_
FNDA:0,_ZN7testing8internal12AssertHelper16AssertHelperDataC2ENS_14TestPartResult4TypeEPKciS6_
FNDA:0,_ZN7testing12RegisterTestIJEZNS_8internal23InsertSyntheticTestCaseERKNSt7__cxx1112basic_stringIcSt11char_traitsIcESaIcEEENS1_12CodeLocationEbEUlvE_EEPNS_8TestInfoEPKcSF_SF_SF_SF_iT0_
FNDA:0,_ZN7testing12RegisterTestIJEZNS_8internal34TypeParameterizedTestSuiteRegistry22CheckForInstantiationsEvEUlvE_EEPNS_8TestInfoEPKcS7_S7_S7_S7_iT0_
FNDA:0,_ZZN7testing12RegisterTestIJEZNS_8internal23InsertSyntheticTestCaseERKNSt7__cxx1112basic_stringIcSt11char_traitsIcESaIcEEENS1_12CodeLocationEbEUlvE_EEPNS_8TestInfoEPKcSF_SF_SF_SF_iT0_EN11FactoryImplC2ESB_
FNDA:0,_ZZN7testing12RegisterTestIJEZNS_8internal34TypeParameterizedTestSuiteRegistry22CheckForInstantiationsEvEUlvE_EEPNS_8TestInfoEPKcS7_S7_S7_S7_iT0_EN11FactoryImplC2ES3_
FNDA:0,_ZZN7testing12RegisterTestIJEZNS_8internal23InsertSyntheticTestCaseERKNSt7__cxx1112basic_stringIcSt11char_traitsIcESaIcEEENS1_12CodeLocationEbEUlvE_EEPNS_8TestInfoEPKcSF_SF_SF_SF_iT0_EN11FactoryImpl10CreateTestEv
FNDA:0,_ZZN7testing12RegisterTestIJEZNS_8internal34TypeParameterizedTestSuiteRegistry22CheckForInstantiationsEvEUlvE_EEPNS_8TestInfoEPKcS7_S7_S7_S7_iT0_EN11FactoryImpl10CreateTestEv
FNDA:2,_Z13RUN_ALL_TESTSv
FNDA:0,_ZN7testing4Test14SetUpTestSuiteEv
FNDA:0,_ZN7testing4Test17TearDownTestSuiteEv
FNDA:0,_ZN7testing4Test16TearDownTestCaseEv
FNDA:0,_ZN7testing4Test13SetUpTestCaseEv
FNDA:41,_ZN7testing4Test11DeleteSelf_Ev
FNDA:0,_ZN7testing4Test5SetupEv
FNDA:0,_ZN7testing12TestPropertyC2ERKNSt7__cxx1112basic_stringIcSt11char_traitsIcESaIcEEES8_
FNDA:0,_ZNK7testing12TestProperty3keyEv
FNDA:0,_ZNK7testing12TestProperty5valueEv
FNDA:0,_ZN7testing12TestProperty8SetValueERKNSt7__cxx1112basic_stringIcSt11char_traitsIcESaIcEEE
FNDA:82,_ZNK7testing10TestResult6PassedEv
FNDA:41,_ZNK7testing10TestResult12elapsed_timeEv
FNDA:0,_ZNK7testing10TestResult15start_timestampEv
FNDA:41,_ZN7testing10TestResult19set_start_timestampEl
FNDA:41,_ZN7testing10TestResult16set_elapsed_timeEl
FNDA:0,_ZNK7testing10TestResult16death_test_countEv
FNDA:0,_ZN7testing10TestResult26increment_death_test_countEv
FNDA:164,_ZNK7testing8TestInfo15test_suite_nameEv
FNDA:287,_ZNK7testing8TestInfo4nameEv
FNDA:82,_ZNK7testing8TestInfo10type_paramEv
FNDA:41,_ZNK7testing8TestInfo11value_paramEv
FNDA:0,_ZNK7testing8TestInfo4fileEv
FNDA:0,_ZNK7testing8TestInfo4lineEv
FNDA:0,_ZNK7testing8TestInfo19is_in_another_shardEv
FNDA:328,_ZNK7testing8TestInfo10should_runEv
FNDA:41,_ZNK7testing8TestInfo13is_reportableEv
FNDA:287,_ZNK7testing8TestInfo6resultEv
FNDA:0,_ZN7testing8TestInfo26increment_death_test_countEv
FNDA:41,_ZN7testing8TestInfo15ClearTestResultEPS0_
FNDA:97,_ZNK7testing9TestSuite4nameEv
FNDA:6,_ZNK7testing9TestSuite10type_paramEv
FNDA:94,_ZNK7testing9TestSuite10should_runEv
FNDA:0,_ZNK7testing9TestSuite6PassedEv
FNDA:6,_ZNK7testing9TestSuite6FailedEv
FNDA:3,_ZNK7testing9TestSuite12elapsed_timeEv
FNDA:0,_ZNK7testing9TestSuite15start_timestampEv
FNDA:9,_ZNK7testing9TestSuite18ad_hoc_test_resultEv
FNDA:255,_ZN7testing9TestSuite14test_info_listEv
FNDA:41,_ZNK7testing9TestSuite14test_info_listEv
FNDA:88,_ZN7testing9TestSuite14set_should_runEb
FNDA:3,_ZN7testing9TestSuite20ClearTestSuiteResultEPS0_
FNDA:3,_ZN7testing9TestSuite17RunSetUpTestSuiteEv
FNDA:3,_ZN7testing9TestSuite20RunTearDownTestSuiteEv
FNDA:41,_ZN7testing9TestSuite10TestPassedEPKNS_8TestInfoE
FNDA:41,_ZN7testing9TestSuite11TestSkippedEPKNS_8TestInfoE
FNDA:82,_ZN7testing9TestSuite10TestFailedEPKNS_8TestInfoE
FNDA:41,_ZN7testing9TestSuite22TestReportableDisabledEPKNS_8TestInfoE
FNDA:0,_ZN7testing9TestSuite12TestDisabledEPKNS_8TestInfoE
FNDA:0,_ZN7testing9TestSuite14TestReportableEPKNS_8TestInfoE
FNDA:164,_ZN7testing9TestSuite13ShouldRunTestEPKNS_8TestInfoE
FNDA:0,_ZN7testing17TestEventListenerD0Ev
FNDA:4,_ZN7testing17TestEventListenerD2Ev
FNDA:3,_ZN7testing17TestEventListener16OnTestSuiteStartERKNS_9TestSuiteE
FNDA:0,_ZN7testing17TestEventListener15OnTestCaseStartERKNS_9TestSuiteE
FNDA:0,_ZN7testing17TestEventListener14OnTestDisabledERKNS_8TestInfoE
FNDA:3,_ZN7testing17TestEventListener14OnTestSuiteEndERKNS_9TestSuiteE
FNDA:0,_ZN7testing17TestEventListener13OnTestCaseEndERKNS_9TestSuiteE
FNDA:0,_ZN7testing22EmptyTestEventListener18OnTestProgramStartERKNS_8UnitTestE
FNDA:0,_ZN7testing22EmptyTestEventListener20OnTestIterationStartERKNS_8UnitTestEi
FNDA:0,_ZN7testing22EmptyTestEventListener24OnEnvironmentsSetUpStartERKNS_8UnitTestE
FNDA:0,_ZN7testing22EmptyTestEventListener22OnEnvironmentsSetUpEndERKNS_8UnitTestE
FNDA:0,_ZN7testing22EmptyTestEventListener16OnTestSuiteStartERKNS_9TestSuiteE
FNDA:0,_ZN7testing22EmptyTestEventListener15OnTestCaseStartERKNS_9TestSuiteE
FNDA:0,_ZN7testing22EmptyTestEventListener11OnTestStartERKNS_8TestInfoE
FNDA:0,_ZN7testing22EmptyTestEventListener14OnTestDisabledERKNS_8TestInfoE
FNDA:0,_ZN7testing22EmptyTestEventListener16OnTestPartResultERKNS_14TestPartResultE
FNDA:0,_ZN7testing22EmptyTestEventListener9OnTestEndERKNS_8TestInfoE
FNDA:0,_ZN7testing22EmptyTestEventListener14OnTestSuiteEndERKNS_9TestSuiteE
FNDA:0,_ZN7testing22EmptyTestEventListener13OnTestCaseEndERKNS_9TestSuiteE
FNDA:0,_ZN7testing22EmptyTestEventListener27OnEnvironmentsTearDownStartERKNS_8UnitTestE
FNDA:0,_ZN7testing22EmptyTestEventListener25OnEnvironmentsTearDownEndERKNS_8UnitTestE
FNDA:0,_ZN7testing22EmptyTestEventListener18OnTestIterationEndERKNS_8UnitTestEi
FNF:101
FNH:48
DA:244,0
DA:252,0
DA:257,0
DA:258,0
DA:318,41
DA:339,0
DA:357,0
DA:358,0
DA:361,0
DA:364,0
DA:367,0
DA:398,82
DA:413,41
DA:417,0
DA:450,41
DA:453,41
DA:474,0
DA:477,0
DA:523,164
DA:531,287
DA:535,82
DA:536,82
DA:537,82
DA:542,41
DA:543,41
DA:544,41
DA:548,0
DA:551,0
DA:554,0
DA:572,328
DA:575,41
DA:578,41
DA:582,287
DA:610,0
DA:611,0
DA:621,41
DA:622,41
DA:623,41
DA:677,97
DA:681,6
DA:682,6
DA:683,6
DA:687,94
DA:714,0
DA:717,6
DA:718,6
DA:722,3
DA:726,0
DA:734,9
DA:741,255
DA:744,41
DA:745,41
DA:753,88
DA:763,3
DA:764,3
DA:765,3
DA:775,3
DA:776,3
DA:777,0
DA:779,3
DA:783,3
DA:784,3
DA:785,0
DA:787,3
DA:790,41
DA:791,41
DA:795,41
DA:796,41
DA:800,82
DA:801,82
DA:806,41
DA:807,41
DA:811,0
DA:812,0
DA:816,0
DA:817,0
DA:821,164
DA:822,164
DA:910,4
DA:928,3
DA:932,0
DA:939,0
DA:950,3
DA:954,0
DA:977,0
DA:978,0
DA:979,0
DA:980,0
DA:981,0
DA:982,0
DA:985,0
DA:988,0
DA:989,0
DA:990,0
DA:991,0
DA:992,0
DA:994,0
DA:997,0
DA:998,0
DA:999,0
DA:1000,0
DA:1001,0
DA:1246,639
DA:1247,9
DA:1338,0
DA:1343,0
DA:1355,41
DA:1358,41
DA:1359,41
DA:1362,0
DA:1374,41
DA:1377,41
DA:1407,0
DA:1411,0
DA:1412,0
DA:1413,0
DA:1436,1
DA:1546,1
DA:1549,1
DA:1551,1
DA:1552,1
DA:1555,0
DA:1556,0
DA:1557,0
DA:1559,0
DA:1560,0
DA:1561,0
DA:1565,0
DA:1566,0
DA:1596,0
DA:1598,0
DA:2259,0
DA:2266,0
DA:2267,0
DA:2273,0
DA:2275,0
DA:2278,0
DA:2293,2
LF:138
LH:68
end_of_record
TN:
SF:/home/raulpro/Diseño_Software/IE-0417/laboratorio-testing/build/_deps/googletest-src/googletest/include/gtest/internal/gtest-death-test-internal.h
FN:155,155,_ZN7testing8internal16DeathTestFactoryD0Ev
FN:155,155,_ZN7testing8internal16DeathTestFactoryD2Ev
FN:273,275,_ZN7testing8internal24InternalRunDeathTestFlagC2ERKNSt7__cxx1112basic_stringIcSt11char_traitsIcESaIcEEEiii
FN:277,279,_ZN7testing8internal24InternalRunDeathTestFlagD2Ev
FN:281,281,_ZNK7testing8internal24InternalRunDeathTestFlag4fileB5cxx11Ev
FN:282,282,_ZNK7testing8internal24InternalRunDeathTestFlag4lineEv
FN:283,283,_ZNK7testing8internal24InternalRunDeathTestFlag5indexEv
FN:284,284,_ZNK7testing8internal24InternalRunDeathTestFlag8write_fdEv
FN:90,90,_ZN7testing8internal9DeathTestD0Ev
FN:90,90,_ZN7testing8internal9DeathTestD2Ev
FNDA:0,_ZN7testing8internal16DeathTestFactoryD0Ev
FNDA:2,_ZN7testing8internal16DeathTestFactoryD2Ev
FNDA:0,_ZN7testing8internal24InternalRunDeathTestFlagC2ERKNSt7__cxx1112basic_stringIcSt11char_traitsIcESaIcEEEiii
FNDA:0,_ZN7testing8internal24InternalRunDeathTestFlagD2Ev
FNDA:0,_ZNK7testing8internal24InternalRunDeathTestFlag4fileB5cxx11Ev
FNDA:0,_ZNK7testing8internal24InternalRunDeathTestFlag4lineEv
FNDA:0,_ZNK7testing8internal24InternalRunDeathTestFlag5indexEv
FNDA:0,_ZNK7testing8internal24InternalRunDeathTestFlag8write_fdEv
FNDA:0,_ZN7testing8internal9DeathTestD0Ev
FNDA:0,_ZN7testing8internal9DeathTestD2Ev
FNF:10
FNH:1
DA:90,0
DA:155,2
DA:273,0
DA:275,0
DA:277,0
DA:278,0
DA:279,0
DA:281,0
DA:282,0
DA:283,0
DA:284,0
LF:11
LH:1
end_of_record
TN:
SF:/home/raulpro/Diseño_Software/IE-0417/laboratorio-testing/build/_deps/googletest-src/googletest/include/gtest/internal/gtest-filepath.h
FN:113,113,_ZNK7testing8internal8FilePath7IsEmptyEv
FN:66,66,_ZN7testing8internal8FilePathC2Ev
FN:67,67,_ZN7testing8internal8FilePathC2ERKS1_
FN:69,71,_ZN7testing8internal8FilePathC2ERKNSt7__cxx1112basic_stringIcSt11char_traitsIcESaIcEEE
FN:73,76,_ZN7testing8internal8FilePathaSERKS1_
FN:78,78,_ZN7testing8internal8FilePath3SetERKS1_
FN:80,80,_ZNK7testing8internal8FilePath6stringB5cxx11Ev
FN:81,81,_ZNK7testing8internal8FilePath5c_strEv
FNDA:84,_ZNK7testing8internal8FilePath7IsEmptyEv
FNDA:2,_ZN7testing8internal8FilePathC2Ev
FNDA:0,_ZN7testing8internal8FilePathC2ERKS1_
FNDA:2,_ZN7testing8internal8FilePathC2ERKNSt7__cxx1112basic_stringIcSt11char_traitsIcESaIcEEE
FNDA:0,_ZN7testing8internal8FilePathaSERKS1_
FNDA:2,_ZN7testing8internal8FilePath3SetERKS1_
FNDA:0,_ZNK7testing8internal8FilePath6stringB5cxx11Ev
FNDA:0,_ZNK7testing8internal8FilePath5c_strEv
FNF:8
FNH:4
DA:66,6
DA:67,0
DA:69,2
DA:70,2
DA:71,2
DA:73,0
DA:74,0
DA:75,0
DA:78,2
DA:80,0
DA:81,0
DA:113,84
LF:12
LH:6
end_of_record
TN:
SF:/home/raulpro/Diseño_Software/IE-0417/laboratorio-testing/build/_deps/googletest-src/googletest/include/gtest/internal/gtest-internal.h
FN:292,292,_ZN7testing8internal13FloatingPointIdEC2ERKd
FN:292,292,_ZN7testing8internal13FloatingPointIfEC2ERKf
FN:317,317,_ZNK7testing8internal13FloatingPointIdE13exponent_bitsEv
FN:317,317,_ZNK7testing8internal13FloatingPointIfE13exponent_bitsEv
FN:320,320,_ZNK7testing8internal13FloatingPointIdE13fraction_bitsEv
FN:320,320,_ZNK7testing8internal13FloatingPointIfE13fraction_bitsEv
FN:326,330,_ZNK7testing8internal13FloatingPointIdE6is_nanEv
FN:326,330,_ZNK7testing8internal13FloatingPointIfE6is_nanEv
FN:338,345,_ZNK7testing8internal13FloatingPointIdE12AlmostEqualsERKS2_
FN:338,345,_ZNK7testing8internal13FloatingPointIfE12AlmostEqualsERKS2_
FN:369,377,_ZN7testing8internal13FloatingPointIdE24SignAndMagnitudeToBiasedERKm
FN:369,377,_ZN7testing8internal13FloatingPointIfE24SignAndMagnitudeToBiasedERKj
FN:381,386,_ZN7testing8internal13FloatingPointIdE38DistanceBetweenSignAndMagnitudeNumbersERKmS4_
FN:381,386,_ZN7testing8internal13FloatingPointIfE38DistanceBetweenSignAndMagnitudeNumbersERKjS4_
FN:431,437,_ZN7testing8internal9GetTypeIdINS0_12_GLOBAL__N_111FailureTestEEEPKvv
FN:431,437,_ZN7testing8internal9GetTypeIdINS_4TestEEEPKvv
FN:450,450,_ZN7testing8internal15TestFactoryBaseD0Ev
FN:450,450,_ZN7testing8internal15TestFactoryBaseD2Ev
FN:457,457,_ZN7testing8internal15TestFactoryBaseC2Ev
FN:469,469,_ZN7testing8internal15TestFactoryImplI30CalculatorTest_ZeroIsEven_TestE10CreateTestEv
FN:469,469,_ZN7testing8internal15TestFactoryImplI32GradeUtilsTest_FailingGrade_TestE10CreateTestEv
FN:469,469,_ZN7testing8internal15TestFactoryImplI32GradeUtilsTest_LetterGradeA_TestE10CreateTestEv
FN:469,469,_ZN7testing8internal15TestFactoryImplI32GradeUtilsTest_LetterGradeB_TestE10CreateTestEv
FN:469,469,_ZN7testing8internal15TestFactoryImplI32GradeUtilsTest_LetterGradeC_TestE10CreateTestEv
FN:469,469,_ZN7testing8internal15TestFactoryImplI32GradeUtilsTest_LetterGradeD_TestE10CreateTestEv
FN:469,469,_ZN7testing8internal15TestFactoryImplI32GradeUtilsTest_LetterGradeF_TestE10CreateTestEv
FN:469,469,_ZN7testing8internal15TestFactoryImplI32GradeUtilsTest_PassingGrade_TestE10CreateTestEv
FN:469,469,_ZN7testing8internal15TestFactoryImplI32StringUtilsTest_CountVowels_TestE10CreateTestEv
FN:469,469,_ZN7testing8internal15TestFactoryImplI33CalculatorTest_DivideNumbers_TestE10CreateTestEv
FN:469,469,_ZN7testing8internal15TestFactoryImplI35CalculatorTest_DetectOddNumber_TestE10CreateTestEv
FN:469,469,_ZN7testing8internal15TestFactoryImplI35CalculatorTest_MultiplyNumbers_TestE10CreateTestEv
FN:469,469,_ZN7testing8internal15TestFactoryImplI35CalculatorTest_SubtractNumbers_TestE10CreateTestEv
FN:469,469,_ZN7testing8internal15TestFactoryImplI36CalculatorTest_DetectEvenNumber_TestE10CreateTestEv
FN:469,469,_ZN7testing8internal15TestFactoryImplI36GradeUtilsTest_CalculateAverage_TestE10CreateTestEv
FN:469,469,_ZN7testing8internal15TestFactoryImplI37GradeUtilsTest_MaximumValidGrade_TestE10CreateTestEv
FN:469,469,_ZN7testing8internal15TestFactoryImplI37GradeUtilsTest_MinimumValidGrade_TestE10CreateTestEv
FN:469,469,_ZN7testing8internal15TestFactoryImplI38CalculatorTest_AddNegativeNumbers_TestE10CreateTestEv
FN:469,469,_ZN7testing8internal15TestFactoryImplI38CalculatorTest_AddPositiveNumbers_TestE10CreateTestEv
FN:469,469,_ZN7testing8internal15TestFactoryImplI40CalculatorTest_AssertBeforeDivision_TestE10CreateTestEv
FN:469,469,_ZN7testing8internal15TestFactoryImplI40CalculatorTest_MultipleExpectChecks_TestE10CreateTestEv
FN:469,469,_ZN7testing8internal15TestFactoryImplI40StringUtilsTest_DetectNonPalindrome_TestE10CreateTestEv
FN:469,469,_ZN7testing8internal15TestFactoryImplI41CalculatorTest_DivideNegativeNumbers_TestE10CreateTestEv
FN:469,469,_ZN7testing8internal15TestFactoryImplI43StringUtilsTest_ConvertTextToUppercase_TestE10CreateTestEv
FN:469,469,_ZN7testing8internal15TestFactoryImplI43StringUtilsTest_DetectSimplePalindrome_TestE10CreateTestEv
FN:469,469,_ZN7testing8internal15TestFactoryImplI43StringUtilsTest_EmptyStringToUppercase_TestE10CreateTestEv
FN:469,469,_ZN7testing8internal15TestFactoryImplI44CalculatorTest_DividePositiveByNegative_TestE10CreateTestEv
FN:469,469,_ZN7testing8internal15TestFactoryImplI44StringUtilsTest_EmptyStringIsPalindrome_TestE10CreateTestEv
FN:469,469,_ZN7testing8internal15TestFactoryImplI45GradeUtilsTest_GradeBoundaryBetweenBAndA_TestE10CreateTestEv
FN:469,469,_ZN7testing8internal15TestFactoryImplI45GradeUtilsTest_GradeBoundaryBetweenCAndB_TestE10CreateTestEv
FN:469,469,_ZN7testing8internal15TestFactoryImplI45GradeUtilsTest_GradeBoundaryBetweenDAndC_TestE10CreateTestEv
FN:469,469,_ZN7testing8internal15TestFactoryImplI45GradeUtilsTest_GradeBoundaryBetweenFAndD_TestE10CreateTestEv
FN:469,469,_ZN7testing8internal15TestFactoryImplI45StringUtilsTest_SingleLetterIsPalindrome_TestE10CreateTestEv
FN:469,469,_ZN7testing8internal15TestFactoryImplI47CalculatorTest_DivideByZeroThrowsException_TestE10CreateTestEv
FN:469,469,_ZN7testing8internal15TestFactoryImplI47GradeUtilsTest_InvalidGradeThrowsException_TestE10CreateTestEv
FN:469,469,_ZN7testing8internal15TestFactoryImplI47StringUtilsTest_DetectPalindromeWithSpaces_TestE10CreateTestEv
FN:469,469,_ZN7testing8internal15TestFactoryImplI48CalculatorTest_RandomAdditionsWithFixedSeed_TestE10CreateTestEv
FN:469,469,_ZN7testing8internal15TestFactoryImplI48GradeUtilsTest_NegativeGradeThrowsException_TestE10CreateTestEv
FN:469,469,_ZN7testing8internal15TestFactoryImplI48StringUtilsTest_ConvertMixedTextToUppercase_TestE10CreateTestEv
FN:469,469,_ZN7testing8internal15TestFactoryImplI51StringUtilsTest_CountVowelsInTextWithoutVowels_TestE10CreateTestEv
FN:469,469,_ZN7testing8internal15TestFactoryImplI53GradeUtilsTest_AverageEmptyVectorThrowsException_TestE10CreateTestEv
FN:490,491,_ZN7testing8internal12CodeLocationC2ERKNSt7__cxx1112basic_stringIcSt11char_traitsIcESaIcEEEi
FN:503,506,_ZN7testing8internal19GetNotDefaultOrNullEPFvvES2_
FN:518,537,_ZN7testing8internal16SuiteApiResolverINS0_12_GLOBAL__N_111FailureTestEE19GetSetUpCaseOrSuiteEPKci
FN:518,537,_ZN7testing8internal16SuiteApiResolverINS_4TestEE19GetSetUpCaseOrSuiteEPKci
FN:539,558,_ZN7testing8internal16SuiteApiResolverINS0_12_GLOBAL__N_111FailureTestEE22GetTearDownCaseOrSuiteEPKci
FN:539,558,_ZN7testing8internal16SuiteApiResolverINS_4TestEE22GetTearDownCaseOrSuiteEPKci
FN:649,657,_ZN7testing8internal9SkipCommaEPKc
FN:661,664,_ZN7testing8internal19GetPrefixUntilCommaB5cxx11EPKc
FN:842,842,_ZN7testing8internal11AlwaysFalseEv
FN:856,856,_ZN7testing8internal14TrueWithStringC2Ev
FN:859,859,_ZNK7testing8internal14TrueWithStringcvbEv
FN:872,872,_ZN7testing8internal6RandomC2Ej
FN:874,874,_ZN7testing8internal6Random6ReseedEj
FNDA:2,_ZN7testing8internal13FloatingPointIdEC2ERKd
FNDA:0,_ZN7testing8internal13FloatingPointIfEC2ERKf
FNDA:2,_ZNK7testing8internal13FloatingPointIdE13exponent_bitsEv
FNDA:0,_ZNK7testing8internal13FloatingPointIfE13exponent_bitsEv
FNDA:0,_ZNK7testing8internal13FloatingPointIdE13fraction_bitsEv
FNDA:0,_ZNK7testing8internal13FloatingPointIfE13fraction_bitsEv
FNDA:2,_ZNK7testing8internal13FloatingPointIdE6is_nanEv
FNDA:0,_ZNK7testing8internal13FloatingPointIfE6is_nanEv
FNDA:1,_ZNK7testing8internal13FloatingPointIdE12AlmostEqualsERKS2_
FNDA:0,_ZNK7testing8internal13FloatingPointIfE12AlmostEqualsERKS2_
FNDA:2,_ZN7testing8internal13FloatingPointIdE24SignAndMagnitudeToBiasedERKm
FNDA:0,_ZN7testing8internal13FloatingPointIfE24SignAndMagnitudeToBiasedERKj
FNDA:1,_ZN7testing8internal13FloatingPointIdE38DistanceBetweenSignAndMagnitudeNumbersERKmS4_
FNDA:0,_ZN7testing8internal13FloatingPointIfE38DistanceBetweenSignAndMagnitudeNumbersERKjS4_
FNDA:0,_ZN7testing8internal9GetTypeIdINS0_12_GLOBAL__N_111FailureTestEEEPKvv
FNDA:84,_ZN7testing8internal9GetTypeIdINS_4TestEEEPKvv
FNDA:0,_ZN7testing8internal15TestFactoryBaseD0Ev
FNDA:82,_ZN7testing8internal15TestFactoryBaseD2Ev
FNDA:82,_ZN7testing8internal15TestFactoryBaseC2Ev
FNDA:1,_ZN7testing8internal15TestFactoryImplI30CalculatorTest_ZeroIsEven_TestE10CreateTestEv
FNDA:1,_ZN7testing8internal15TestFactoryImplI32GradeUtilsTest_FailingGrade_TestE10CreateTestEv
FNDA:1,_ZN7testing8internal15TestFactoryImplI32GradeUtilsTest_LetterGradeA_TestE10CreateTestEv
FNDA:1,_ZN7testing8internal15TestFactoryImplI32GradeUtilsTest_LetterGradeB_TestE10CreateTestEv
FNDA:1,_ZN7testing8internal15TestFactoryImplI32GradeUtilsTest_LetterGradeC_TestE10CreateTestEv
FNDA:1,_ZN7testing8internal15TestFactoryImplI32GradeUtilsTest_LetterGradeD_TestE10CreateTestEv
FNDA:1,_ZN7testing8internal15TestFactoryImplI32GradeUtilsTest_LetterGradeF_TestE10CreateTestEv
FNDA:1,_ZN7testing8internal15TestFactoryImplI32GradeUtilsTest_PassingGrade_TestE10CreateTestEv
FNDA:1,_ZN7testing8internal15TestFactoryImplI32StringUtilsTest_CountVowels_TestE10CreateTestEv
FNDA:1,_ZN7testing8internal15TestFactoryImplI33CalculatorTest_DivideNumbers_TestE10CreateTestEv
FNDA:1,_ZN7testing8internal15TestFactoryImplI35CalculatorTest_DetectOddNumber_TestE10CreateTestEv
FNDA:1,_ZN7testing8internal15TestFactoryImplI35CalculatorTest_MultiplyNumbers_TestE10CreateTestEv
FNDA:1,_ZN7testing8internal15TestFactoryImplI35CalculatorTest_SubtractNumbers_TestE10CreateTestEv
FNDA:1,_ZN7testing8internal15TestFactoryImplI36CalculatorTest_DetectEvenNumber_TestE10CreateTestEv
FNDA:1,_ZN7testing8internal15TestFactoryImplI36GradeUtilsTest_CalculateAverage_TestE10CreateTestEv
FNDA:1,_ZN7testing8internal15TestFactoryImplI37GradeUtilsTest_MaximumValidGrade_TestE10CreateTestEv
FNDA:1,_ZN7testing8internal15TestFactoryImplI37GradeUtilsTest_MinimumValidGrade_TestE10CreateTestEv
FNDA:1,_ZN7testing8internal15TestFactoryImplI38CalculatorTest_AddNegativeNumbers_TestE10CreateTestEv
FNDA:1,_ZN7testing8internal15TestFactoryImplI38CalculatorTest_AddPositiveNumbers_TestE10CreateTestEv
FNDA:1,_ZN7testing8internal15TestFactoryImplI40CalculatorTest_AssertBeforeDivision_TestE10CreateTestEv
FNDA:1,_ZN7testing8internal15TestFactoryImplI40CalculatorTest_MultipleExpectChecks_TestE10CreateTestEv
FNDA:1,_ZN7testing8internal15TestFactoryImplI40StringUtilsTest_DetectNonPalindrome_TestE10CreateTestEv
FNDA:1,_ZN7testing8internal15TestFactoryImplI41CalculatorTest_DivideNegativeNumbers_TestE10CreateTestEv
FNDA:1,_ZN7testing8internal15TestFactoryImplI43StringUtilsTest_ConvertTextToUppercase_TestE10CreateTestEv
FNDA:1,_ZN7testing8internal15TestFactoryImplI43StringUtilsTest_DetectSimplePalindrome_TestE10CreateTestEv
FNDA:1,_ZN7testing8internal15TestFactoryImplI43StringUtilsTest_EmptyStringToUppercase_TestE10CreateTestEv
FNDA:1,_ZN7testing8internal15TestFactoryImplI44CalculatorTest_DividePositiveByNegative_TestE10CreateTestEv
FNDA:1,_ZN7testing8internal15TestFactoryImplI44StringUtilsTest_EmptyStringIsPalindrome_TestE10CreateTestEv
FNDA:1,_ZN7testing8internal15TestFactoryImplI45GradeUtilsTest_GradeBoundaryBetweenBAndA_TestE10CreateTestEv
FNDA:1,_ZN7testing8internal15TestFactoryImplI45GradeUtilsTest_GradeBoundaryBetweenCAndB_TestE10CreateTestEv
FNDA:1,_ZN7testing8internal15TestFactoryImplI45GradeUtilsTest_GradeBoundaryBetweenDAndC_TestE10CreateTestEv
FNDA:1,_ZN7testing8internal15TestFactoryImplI45GradeUtilsTest_GradeBoundaryBetweenFAndD_TestE10CreateTestEv
FNDA:1,_ZN7testing8internal15TestFactoryImplI45StringUtilsTest_SingleLetterIsPalindrome_TestE10CreateTestEv
FNDA:1,_ZN7testing8internal15TestFactoryImplI47CalculatorTest_DivideByZeroThrowsException_TestE10CreateTestEv
FNDA:1,_ZN7testing8internal15TestFactoryImplI47GradeUtilsTest_InvalidGradeThrowsException_TestE10CreateTestEv
FNDA:1,_ZN7testing8internal15TestFactoryImplI47StringUtilsTest_DetectPalindromeWithSpaces_TestE10CreateTestEv
FNDA:1,_ZN7testing8internal15TestFactoryImplI48CalculatorTest_RandomAdditionsWithFixedSeed_TestE10CreateTestEv
FNDA:1,_ZN7testing8internal15TestFactoryImplI48GradeUtilsTest_NegativeGradeThrowsException_TestE10CreateTestEv
FNDA:1,_ZN7testing8internal15TestFactoryImplI48StringUtilsTest_ConvertMixedTextToUppercase_TestE10CreateTestEv
FNDA:1,_ZN7testing8internal15TestFactoryImplI51StringUtilsTest_CountVowelsInTextWithoutVowels_TestE10CreateTestEv
FNDA:1,_ZN7testing8internal15TestFactoryImplI53GradeUtilsTest_AverageEmptyVectorThrowsException_TestE10CreateTestEv
FNDA:82,_ZN7testing8internal12CodeLocationC2ERKNSt7__cxx1112basic_stringIcSt11char_traitsIcESaIcEEEi
FNDA:328,_ZN7testing8internal19GetNotDefaultOrNullEPFvvES2_
FNDA:0,_ZN7testing8internal16SuiteApiResolverINS0_12_GLOBAL__N_111FailureTestEE19GetSetUpCaseOrSuiteEPKci
FNDA:82,_ZN7testing8internal16SuiteApiResolverINS_4TestEE19GetSetUpCaseOrSuiteEPKci
FNDA:0,_ZN7testing8internal16SuiteApiResolverINS0_12_GLOBAL__N_111FailureTestEE22GetTearDownCaseOrSuiteEPKci
FNDA:82,_ZN7testing8internal16SuiteApiResolverINS_4TestEE22GetTearDownCaseOrSuiteEPKci
FNDA:0,_ZN7testing8internal9SkipCommaEPKc
[...]
FNDA:4,_ZSt3getILm0EJPN7testing8internal11ThreadLocalIPNS0_31TestPartResultReporterInterfaceEE18ValueHolderFactoryESt14default_deleteIS6_EEERNSt13tuple_elementIXT_ESt5tupleIJDpT0_EEE4typeERSE_
FNDA:4,_ZSt3getILm0EJPN7testing8internal11ThreadLocalISt6vectorINS1_9TraceInfoESaIS4_EEE18ValueHolderFactoryESt14default_deleteIS8_EEERNSt13tuple_elementIXT_ESt5tupleIJDpT0_EEE4typeERSG_
FNDA:82,_ZSt3getILm0EJPN7testing8internal14GTestFlagSaverESt14default_deleteIS2_EEERNSt13tuple_elementIXT_ESt5tupleIJDpT0_EEE4typeERSA_
FNDA:4,_ZSt3getILm0EJPN7testing8internal16DeathTestFactoryESt14default_deleteIS2_EEERNSt13tuple_elementIXT_ESt5tupleIJDpT0_EEE4typeERSA_
FNDA:0,_ZSt3getILm0EJPN7testing8internal17StreamingListener20AbstractSocketWriterESt14default_deleteIS3_EEERNSt13tuple_elementIXT_ESt5tupleIJDpT0_EEE4typeERSB_
FNDA:6,_ZSt3getILm0EJPN7testing8internal24InternalRunDeathTestFlagESt14default_deleteIS2_EEERNSt13tuple_elementIXT_ESt5tupleIJDpT0_EEE4typeERSA_
FNDA:53,_ZSt3getILm0EJPNSt7__cxx1112basic_stringIcSt11char_traitsIcESaIcEEESt14default_deleteIS5_EEERNSt13tuple_elementIXT_ESt5tupleIJDpT0_EEE4typeERSD_
FNDA:288,_ZSt3getILm0EJPNSt7__cxx1118basic_stringstreamIcSt11char_traitsIcESaIcEEESt14default_deleteIS5_EEERNSt13tuple_elementIXT_ESt5tupleIJDpT0_EEE4typeERSD_
FNDA:0,_ZSt3getILm0EJRKNSt7__cxx1112basic_stringIcSt11char_traitsIcESaIcEEEEERNSt13tuple_elementIXT_ESt5tupleIJDpT0_EEE4typeERSC_
FNDA:0,_ZSt3getILm1EJPKNSt7__cxx1112basic_stringIcSt11char_traitsIcESaIcEEESt14default_deleteIS6_EEERNSt13tuple_elementIXT_ESt5tupleIJDpT0_EEE4typeERSE_
FNDA:2,_ZSt3getILm1EJPN7testing8internal11ThreadLocalIPNS0_31TestPartResultReporterInterfaceEE18ValueHolderFactoryESt14default_deleteIS6_EEERNSt13tuple_elementIXT_ESt5tupleIJDpT0_EEE4typeERSE_
FNDA:2,_ZSt3getILm1EJPN7testing8internal11ThreadLocalISt6vectorINS1_9TraceInfoESaIS4_EEE18ValueHolderFactoryESt14default_deleteIS8_EEERNSt13tuple_elementIXT_ESt5tupleIJDpT0_EEE4typeERSG_
FNDA:41,_ZSt3getILm1EJPN7testing8internal14GTestFlagSaverESt14default_deleteIS2_EEERNSt13tuple_elementIXT_ESt5tupleIJDpT0_EEE4typeERSA_
FNDA:2,_ZSt3getILm1EJPN7testing8internal16DeathTestFactoryESt14default_deleteIS2_EEERNSt13tuple_elementIXT_ESt5tupleIJDpT0_EEE4typeERSA_
FNDA:0,_ZSt3getILm1EJPN7testing8internal17StreamingListener20AbstractSocketWriterESt14default_deleteIS3_EEERNSt13tuple_elementIXT_ESt5tupleIJDpT0_EEE4typeERSB_
FNDA:0,_ZSt3getILm1EJPN7testing8internal24InternalRunDeathTestFlagESt14default_deleteIS2_EEERNSt13tuple_elementIXT_ESt5tupleIJDpT0_EEE4typeERSA_
FNDA:0,_ZSt3getILm1EJPNSt7__cxx1112basic_stringIcSt11char_traitsIcESaIcEEESt14default_deleteIS5_EEERNSt13tuple_elementIXT_ESt5tupleIJDpT0_EEE4typeERSD_
FNDA:144,_ZSt3getILm1EJPNSt7__cxx1118basic_stringstreamIcSt11char_traitsIcESaIcEEESt14default_deleteIS5_EEERNSt13tuple_elementIXT_ESt5tupleIJDpT0_EEE4typeERSD_
FNDA:129,_ZSt3getILm0EJPKNSt7__cxx1112basic_stringIcSt11char_traitsIcESaIcEEESt14default_deleteIS6_EEERKNSt13tuple_elementIXT_ESt5tupleIJDpT0_EEE4typeERKSE_
FNDA:0,_ZSt3getILm0EJPN7testing8internal11ThreadLocalIPNS0_31TestPartResultReporterInterfaceEE18ValueHolderFactoryESt14default_deleteIS6_EEERKNSt13tuple_elementIXT_ESt5tupleIJDpT0_EEE4typeERKSE_
FNDA:0,_ZSt3getILm0EJPN7testing8internal11ThreadLocalISt6vectorINS1_9TraceInfoESaIS4_EEE18ValueHolderFactoryESt14default_deleteIS8_EEERKNSt13tuple_elementIXT_ESt5tupleIJDpT0_EEE4typeERKSG_
FNDA:0,_ZSt3getILm0EJPN7testing8internal16DeathTestFactoryESt14default_deleteIS2_EEERKNSt13tuple_elementIXT_ESt5tupleIJDpT0_EEE4typeERKSA_
FNDA:0,_ZSt3getILm0EJPN7testing8internal17StreamingListener20AbstractSocketWriterESt14default_deleteIS3_EEERKNSt13tuple_elementIXT_ESt5tupleIJDpT0_EEE4typeERKSB_
FNDA:4,_ZSt3getILm0EJPN7testing8internal24InternalRunDeathTestFlagESt14default_deleteIS2_EEERKNSt13tuple_elementIXT_ESt5tupleIJDpT0_EEE4typeERKSA_
FNDA:0,_ZSt3getILm0EJPNSt7__cxx1112basic_stringIcSt11char_traitsIcESaIcEEESt14default_deleteIS5_EEERKNSt13tuple_elementIXT_ESt5tupleIJDpT0_EEE4typeERKSD_
FNDA:1260,_ZSt3getILm0EJPNSt7__cxx1118basic_stringstreamIcSt11char_traitsIcESaIcEEESt14default_deleteIS5_EEERKNSt13tuple_elementIXT_ESt5tupleIJDpT0_EEE4typeERKSD_
FNDA:0,_ZSt3getILm0EJPKN7testing8internal11MatcherBaseINSt7__cxx1112basic_stringIcSt11char_traitsIcESaIcEEEEEPKNS1_9EqMatcherIS8_EEEEONSt13tuple_elementIXT_ESt5tupleIJDpT0_EEE4typeEOSK_
FNDA:0,_ZSt3getILm0EJPKN7testing8internal11MatcherBaseIRKNSt7__cxx1112basic_stringIcSt11char_traitsIcESaIcEEEEEPKNS1_9EqMatcherIS8_EEEEONSt13tuple_elementIXT_ESt5tupleIJDpT0_EEE4typeEOSM_
FNDA:0,_ZSt3getILm0EJPKN7testing8internal11MatcherBaseIRKSt17basic_string_viewIcSt11char_traitsIcEEEEPKNS1_9EqMatcherINSt7__cxx1112basic_stringIcS5_SaIcEEEEEEEONSt13tuple_elementIXT_ESt5tupleIJDpT0_EEE4typeEOSO_
FNDA:0,_ZSt3getILm0EJPKN7testing8internal11MatcherBaseISt17basic_string_viewIcSt11char_traitsIcEEEEPKNS1_9EqMatcherINSt7__cxx1112basic_stringIcS5_SaIcEEEEEEEONSt13tuple_elementIXT_ESt5tupleIJDpT0_EEE4typeEOSM_
FNDA:170,_ZNSt10_Head_baseILm0EPKNSt7__cxx1112basic_stringIcSt11char_traitsIcESaIcEEELb0EEC2Ev
FNDA:2,_ZNSt10_Head_baseILm0EPN7testing8internal11ThreadLocalIPNS0_31TestPartResultReporterInterfaceEE18ValueHolderFactoryELb0EEC2Ev
FNDA:2,_ZNSt10_Head_baseILm0EPN7testing8internal11ThreadLocalISt6vectorINS1_9TraceInfoESaIS4_EEE18ValueHolderFactoryELb0EEC2Ev
FNDA:41,_ZNSt10_Head_baseILm0EPN7testing8internal14GTestFlagSaverELb0EEC2Ev
FNDA:2,_ZNSt10_Head_baseILm0EPN7testing8internal16DeathTestFactoryELb0EEC2Ev
FNDA:0,_ZNSt10_Head_baseILm0EPN7testing8internal17StreamingListener20AbstractSocketWriterELb0EEC2Ev
FNDA:2,_ZNSt10_Head_baseILm0EPN7testing8internal24InternalRunDeathTestFlagELb0EEC2Ev
FNDA:53,_ZNSt10_Head_baseILm0EPNSt7__cxx1112basic_stringIcSt11char_traitsIcESaIcEEELb0EEC2Ev
FNDA:144,_ZNSt10_Head_baseILm0EPNSt7__cxx1118basic_stringstreamIcSt11char_traitsIcESaIcEEELb0EEC2Ev
FNDA:0,_ZNSt10_Head_baseILm0ERKNSt7__cxx1112basic_stringIcSt11char_traitsIcESaIcEEELb0EEC2ES7_
FNDA:0,_ZNSt10_Head_baseILm0EPKN7testing8internal11MatcherBaseINSt7__cxx1112basic_stringIcSt11char_traitsIcESaIcEEEEELb0EEC2ISB_EEOT_
FNDA:0,_ZNSt10_Head_baseILm0EPKN7testing8internal11MatcherBaseIRKNSt7__cxx1112basic_stringIcSt11char_traitsIcESaIcEEEEELb0EEC2ISD_EEOT_
FNDA:0,_ZNSt10_Head_baseILm0EPKN7testing8internal11MatcherBaseIRKSt17basic_string_viewIcSt11char_traitsIcEEEELb0EEC2ISB_EEOT_
FNDA:0,_ZNSt10_Head_baseILm0EPKN7testing8internal11MatcherBaseISt17basic_string_viewIcSt11char_traitsIcEEEELb0EEC2IS9_EEOT_
FNDA:0,_ZNSt10_Head_baseILm1EPKN7testing8internal9EqMatcherINSt7__cxx1112basic_stringIcSt11char_traitsIcESaIcEEEEELb0EEC2ISB_EEOT_
FNDA:0,_ZSt10make_tupleIJPKN7testing8internal11MatcherBaseINSt7__cxx1112basic_stringIcSt11char_traitsIcESaIcEEEEEPKNS1_9EqMatcherIS8_EEEESt5tupleIJDpNSt25__strip_reference_wrapperINSt5decayIT_E4typeEE6__typeEEEDpOSJ_
FNDA:0,_ZSt10make_tupleIJPKN7testing8internal11MatcherBaseIRKNSt7__cxx1112basic_stringIcSt11char_traitsIcESaIcEEEEEPKNS1_9EqMatcherIS8_EEEESt5tupleIJDpNSt25__strip_reference_wrapperINSt5decayIT_E4typeEE6__typeEEEDpOSL_
FNDA:0,_ZSt10make_tupleIJPKN7testing8internal11MatcherBaseIRKSt17basic_string_viewIcSt11char_traitsIcEEEEPKNS1_9EqMatcherINSt7__cxx1112basic_stringIcS5_SaIcEEEEEEESt5tupleIJDpNSt25__strip_reference_wrapperINSt5decayIT_E4typeEE6__typeEEEDpOSN_
FNDA:0,_ZSt10make_tupleIJPKN7testing8internal11MatcherBaseISt17basic_string_viewIcSt11char_traitsIcEEEEPKNS1_9EqMatcherINSt7__cxx1112basic_stringIcS5_SaIcEEEEEEESt5tupleIJDpNSt25__strip_reference_wrapperINSt5decayIT_E4typeEE6__typeEEEDpOSL_
FNDA:0,_ZNSt4pairIKNSt7__cxx1112basic_stringIcSt11char_traitsIcESaIcEEEmEC2IJRS6_EJEEESt21piecewise_construct_tSt5tupleIJDpT_EESB_IJDpT0_EE
FNDA:0,_ZNSt4pairIKNSt7__cxx1112basic_stringIcSt11char_traitsIcESaIcEEEmEC2IJRS6_EJLm0EEJEJEEERSt5tupleIJDpT_EERSA_IJDpT1_EESt12_Index_tupleIJXspT0_EEESJ_IJXspT2_EEE
FNDA:0,_ZNSt10_Head_baseILm0EPKN7testing8internal11MatcherBaseINSt7__cxx1112basic_stringIcSt11char_traitsIcESaIcEEEEELb0EE7_M_headERSC_
FNDA:0,_ZNSt10_Head_baseILm0EPKN7testing8internal11MatcherBaseIRKNSt7__cxx1112basic_stringIcSt11char_traitsIcESaIcEEEEELb0EE7_M_headERSE_
FNDA:0,_ZNSt10_Head_baseILm0EPKN7testing8internal11MatcherBaseIRKSt17basic_string_viewIcSt11char_traitsIcEEEELb0EE7_M_headERSC_
FNDA:0,_ZNSt10_Head_baseILm0EPKN7testing8internal11MatcherBaseISt17basic_string_viewIcSt11char_traitsIcEEEELb0EE7_M_headERSA_
FNDA:340,_ZNSt10_Head_baseILm0EPKNSt7__cxx1112basic_stringIcSt11char_traitsIcESaIcEEELb0EE7_M_headERS8_
FNDA:4,_ZNSt10_Head_baseILm0EPN7testing8internal11ThreadLocalIPNS0_31TestPartResultReporterInterfaceEE18ValueHolderFactoryELb0EE7_M_headERS8_
FNDA:4,_ZNSt10_Head_baseILm0EPN7testing8internal11ThreadLocalISt6vectorINS1_9TraceInfoESaIS4_EEE18ValueHolderFactoryELb0EE7_M_headERSA_
FNDA:82,_ZNSt10_Head_baseILm0EPN7testing8internal14GTestFlagSaverELb0EE7_M_headERS4_
FNDA:4,_ZNSt10_Head_baseILm0EPN7testing8internal16DeathTestFactoryELb0EE7_M_headERS4_
FNDA:0,_ZNSt10_Head_baseILm0EPN7testing8internal17StreamingListener20AbstractSocketWriterELb0EE7_M_headERS5_
FNDA:6,_ZNSt10_Head_baseILm0EPN7testing8internal24InternalRunDeathTestFlagELb0EE7_M_headERS4_
FNDA:53,_ZNSt10_Head_baseILm0EPNSt7__cxx1112basic_stringIcSt11char_traitsIcESaIcEEELb0EE7_M_headERS7_
FNDA:288,_ZNSt10_Head_baseILm0EPNSt7__cxx1118basic_stringstreamIcSt11char_traitsIcESaIcEEELb0EE7_M_headERS7_
FNDA:0,_ZNSt10_Head_baseILm0ERKNSt7__cxx1112basic_stringIcSt11char_traitsIcESaIcEEELb0EE7_M_headERS8_
FNDA:129,_ZNSt10_Head_baseILm0EPKNSt7__cxx1112basic_stringIcSt11char_traitsIcESaIcEEELb0EE7_M_headERKS8_
FNDA:0,_ZNSt10_Head_baseILm0EPN7testing8internal11ThreadLocalIPNS0_31TestPartResultReporterInterfaceEE18ValueHolderFactoryELb0EE7_M_headERKS8_
FNDA:0,_ZNSt10_Head_baseILm0EPN7testing8internal11ThreadLocalISt6vectorINS1_9TraceInfoESaIS4_EEE18ValueHolderFactoryELb0EE7_M_headERKSA_
FNDA:0,_ZNSt10_Head_baseILm0EPN7testing8internal16DeathTestFactoryELb0EE7_M_headERKS4_
FNDA:0,_ZNSt10_Head_baseILm0EPN7testing8internal17StreamingListener20AbstractSocketWriterELb0EE7_M_headERKS5_
FNDA:4,_ZNSt10_Head_baseILm0EPN7testing8internal24InternalRunDeathTestFlagELb0EE7_M_headERKS4_
FNDA:0,_ZNSt10_Head_baseILm0EPNSt7__cxx1112basic_stringIcSt11char_traitsIcESaIcEEELb0EE7_M_headERKS7_
FNDA:1260,_ZNSt10_Head_baseILm0EPNSt7__cxx1118basic_stringstreamIcSt11char_traitsIcESaIcEEELb0EE7_M_headERKS7_
FNDA:0,_ZNSt11_Tuple_implILm0EJPKN7testing8internal11MatcherBaseINSt7__cxx1112basic_stringIcSt11char_traitsIcESaIcEEEEEPKNS1_9EqMatcherIS8_EEEE7_M_headERSG_
FNDA:0,_ZNSt11_Tuple_implILm0EJPKN7testing8internal11MatcherBaseIRKNSt7__cxx1112basic_stringIcSt11char_traitsIcESaIcEEEEEPKNS1_9EqMatcherIS8_EEEE7_M_headERSI_
FNDA:0,_ZNSt11_Tuple_implILm0EJPKN7testing8internal11MatcherBaseIRKSt17basic_string_viewIcSt11char_traitsIcEEEEPKNS1_9EqMatcherINSt7__cxx1112basic_stringIcS5_SaIcEEEEEEE7_M_headERSK_
FNDA:0,_ZNSt11_Tuple_implILm0EJPKN7testing8internal11MatcherBaseISt17basic_string_viewIcSt11char_traitsIcEEEEPKNS1_9EqMatcherINSt7__cxx1112basic_stringIcS5_SaIcEEEEEEE7_M_headERSI_
FNDA:340,_ZNSt11_Tuple_implILm0EJPKNSt7__cxx1112basic_stringIcSt11char_traitsIcESaIcEEESt14default_deleteIS6_EEE7_M_headERSA_
FNDA:4,_ZNSt11_Tuple_implILm0EJPN7testing8internal11ThreadLocalIPNS0_31TestPartResultReporterInterfaceEE18ValueHolderFactoryESt14default_deleteIS6_EEE7_M_headERSA_
FNDA:4,_ZNSt11_Tuple_implILm0EJPN7testing8internal11ThreadLocalISt6vectorINS1_9TraceInfoESaIS4_EEE18ValueHolderFactoryESt14default_deleteIS8_EEE7_M_headERSC_
FNDA:82,_ZNSt11_Tuple_implILm0EJPN7testing8internal14GTestFlagSaverESt14default_deleteIS2_EEE7_M_headERS6_
FNDA:4,_ZNSt11_Tuple_implILm0EJPN7testing8internal16DeathTestFactoryESt14default_deleteIS2_EEE7_M_headERS6_
FNDA:0,_ZNSt11_Tuple_implILm0EJPN7testing8internal17StreamingListener20AbstractSocketWriterESt14default_deleteIS3_EEE7_M_headERS7_
FNDA:6,_ZNSt11_Tuple_implILm0EJPN7testing8internal24InternalRunDeathTestFlagESt14default_deleteIS2_EEE7_M_headERS6_
FNDA:53,_ZNSt11_Tuple_implILm0EJPNSt7__cxx1112basic_stringIcSt11char_traitsIcESaIcEEESt14default_deleteIS5_EEE7_M_headERS9_
FNDA:288,_ZNSt11_Tuple_implILm0EJPNSt7__cxx1118basic_stringstreamIcSt11char_traitsIcESaIcEEESt14default_deleteIS5_EEE7_M_headERS9_
FNDA:129,_ZNSt11_Tuple_implILm0EJPKNSt7__cxx1112basic_stringIcSt11char_traitsIcESaIcEEESt14default_deleteIS6_EEE7_M_headERKSA_
FNDA:0,_ZNSt11_Tuple_implILm0EJPN7testing8internal11ThreadLocalIPNS0_31TestPartResultReporterInterfaceEE18ValueHolderFactoryESt14default_deleteIS6_EEE7_M_headERKSA_
FNDA:0,_ZNSt11_Tuple_implILm0EJPN7testing8internal11ThreadLocalISt6vectorINS1_9TraceInfoESaIS4_EEE18ValueHolderFactoryESt14default_deleteIS8_EEE7_M_headERKSC_
FNDA:0,_ZNSt11_Tuple_implILm0EJPN7testing8internal16DeathTestFactoryESt14default_deleteIS2_EEE7_M_headERKS6_
FNDA:0,_ZNSt11_Tuple_implILm0EJPN7testing8internal17StreamingListener20AbstractSocketWriterESt14default_deleteIS3_EEE7_M_headERKS7_
FNDA:4,_ZNSt11_Tuple_implILm0EJPN7testing8internal24InternalRunDeathTestFlagESt14default_deleteIS2_EEE7_M_headERKS6_
FNDA:0,_ZNSt11_Tuple_implILm0EJPNSt7__cxx1112basic_stringIcSt11char_traitsIcESaIcEEESt14default_deleteIS5_EEE7_M_headERKS9_
FNDA:1260,_ZNSt11_Tuple_implILm0EJPNSt7__cxx1118basic_stringstreamIcSt11char_traitsIcESaIcEEESt14default_deleteIS5_EEE7_M_headERKS9_
FNDA:170,_ZNSt11_Tuple_implILm0EJPKNSt7__cxx1112basic_stringIcSt11char_traitsIcESaIcEEESt14default_deleteIS6_EEEC2Ev
FNDA:2,_ZNSt11_Tuple_implILm0EJPN7testing8internal11ThreadLocalIPNS0_31TestPartResultReporterInterfaceEE18ValueHolderFactoryESt14default_deleteIS6_EEEC2Ev
FNDA:2,_ZNSt11_Tuple_implILm0EJPN7testing8internal11ThreadLocalISt6vectorINS1_9TraceInfoESaIS4_EEE18ValueHolderFactoryESt14default_deleteIS8_EEEC2Ev
FNDA:41,_ZNSt11_Tuple_implILm0EJPN7testing8internal14GTestFlagSaverESt14default_deleteIS2_EEEC2Ev
FNDA:2,_ZNSt11_Tuple_implILm0EJPN7testing8internal16DeathTestFactoryESt14default_deleteIS2_EEEC2Ev
FNDA:0,_ZNSt11_Tuple_implILm0EJPN7testing8internal17StreamingListener20AbstractSocketWriterESt14default_deleteIS3_EEEC2Ev
FNDA:2,_ZNSt11_Tuple_implILm0EJPN7testing8internal24InternalRunDeathTestFlagESt14default_deleteIS2_EEEC2Ev
FNDA:53,_ZNSt11_Tuple_implILm0EJPNSt7__cxx1112basic_stringIcSt11char_traitsIcESaIcEEESt14default_deleteIS5_EEEC2Ev
FNDA:144,_ZNSt11_Tuple_implILm0EJPNSt7__cxx1118basic_stringstreamIcSt11char_traitsIcESaIcEEESt14default_deleteIS5_EEEC2Ev
FNDA:0,_ZNSt11_Tuple_implILm0EJPKN7testing8internal11MatcherBaseINSt7__cxx1112basic_stringIcSt11char_traitsIcESaIcEEEEEPKNS1_9EqMatcherIS8_EEEEC2ISB_JSF_EvEEOT_DpOT0_
FNDA:0,_ZNSt11_Tuple_implILm0EJPKN7testing8internal11MatcherBaseIRKNSt7__cxx1112basic_stringIcSt11char_traitsIcESaIcEEEEEPKNS1_9EqMatcherIS8_EEEEC2ISD_JSH_EvEEOT_DpOT0_
FNDA:0,_ZNSt11_Tuple_implILm0EJPKN7testing8internal11MatcherBaseIRKSt17basic_string_viewIcSt11char_traitsIcEEEEPKNS1_9EqMatcherINSt7__cxx1112basic_stringIcS5_SaIcEEEEEEEC2ISB_JSJ_EvEEOT_DpOT0_
FNDA:0,_ZNSt11_Tuple_implILm0EJPKN7testing8internal11MatcherBaseISt17basic_string_viewIcSt11char_traitsIcEEEEPKNS1_9EqMatcherINSt7__cxx1112basic_stringIcS5_SaIcEEEEEEEC2IS9_JSH_EvEEOT_DpOT0_
FNDA:0,_ZNSt11_Tuple_implILm0EJRKNSt7__cxx1112basic_stringIcSt11char_traitsIcESaIcEEEEE7_M_headERS8_
FNDA:0,_ZNSt11_Tuple_implILm1EJSt14default_deleteIKNSt7__cxx1112basic_stringIcSt11char_traitsIcESaIcEEEEEE7_M_headERS9_
FNDA:2,_ZNSt11_Tuple_implILm1EJSt14default_deleteIN7testing8internal11ThreadLocalIPNS1_31TestPartResultReporterInterfaceEE18ValueHolderFactoryEEEE7_M_headERS9_
FNDA:2,_ZNSt11_Tuple_implILm1EJSt14default_deleteIN7testing8internal11ThreadLocalISt6vectorINS2_9TraceInfoESaIS5_EEE18ValueHolderFactoryEEEE7_M_headERSB_
FNDA:41,_ZNSt11_Tuple_implILm1EJSt14default_deleteIN7testing8internal14GTestFlagSaverEEEE7_M_headERS5_
FNDA:2,_ZNSt11_Tuple_implILm1EJSt14default_deleteIN7testing8internal16DeathTestFactoryEEEE7_M_headERS5_
FNDA:0,_ZNSt11_Tuple_implILm1EJSt14default_deleteIN7testing8internal17StreamingListener20AbstractSocketWriterEEEE7_M_headERS6_
FNDA:0,_ZNSt11_Tuple_implILm1EJSt14default_deleteIN7testing8internal24InternalRunDeathTestFlagEEEE7_M_headERS5_
FNDA:0,_ZNSt11_Tuple_implILm1EJSt14default_deleteINSt7__cxx1112basic_stringIcSt11char_traitsIcESaIcEEEEEE7_M_headERS8_
FNDA:144,_ZNSt11_Tuple_implILm1EJSt14default_deleteINSt7__cxx1118basic_stringstreamIcSt11char_traitsIcESaIcEEEEEE7_M_headERS8_
FNDA:170,_ZNSt11_Tuple_implILm1EJSt14default_deleteIKNSt7__cxx1112basic_stringIcSt11char_traitsIcESaIcEEEEEEC2Ev
FNDA:2,_ZNSt11_Tuple_implILm1EJSt14default_deleteIN7testing8internal11ThreadLocalIPNS1_31TestPartResultReporterInterfaceEE18ValueHolderFactoryEEEEC2Ev
FNDA:2,_ZNSt11_Tuple_implILm1EJSt14default_deleteIN7testing8internal11ThreadLocalISt6vectorINS2_9TraceInfoESaIS5_EEE18ValueHolderFactoryEEEEC2Ev
FNDA:41,_ZNSt11_Tuple_implILm1EJSt14default_deleteIN7testing8internal14GTestFlagSaverEEEEC2Ev
FNDA:2,_ZNSt11_Tuple_implILm1EJSt14default_deleteIN7testing8internal16DeathTestFactoryEEEEC2Ev
FNDA:0,_ZNSt11_Tuple_implILm1EJSt14default_deleteIN7testing8internal17StreamingListener20AbstractSocketWriterEEEEC2Ev
FNDA:2,_ZNSt11_Tuple_implILm1EJSt14default_deleteIN7testing8internal24InternalRunDeathTestFlagEEEEC2Ev
FNDA:53,_ZNSt11_Tuple_implILm1EJSt14default_deleteINSt7__cxx1112basic_stringIcSt11char_traitsIcESaIcEEEEEEC2Ev
FNDA:144,_ZNSt11_Tuple_implILm1EJSt14default_deleteINSt7__cxx1118basic_stringstreamIcSt11char_traitsIcESaIcEEEEEEC2Ev
FNDA:0,_ZNSt11_Tuple_implILm0EJRKNSt7__cxx1112basic_stringIcSt11char_traitsIcESaIcEEEEEC2ES7_
FNDA:0,_ZNSt11_Tuple_implILm1EJPKN7testing8internal9EqMatcherINSt7__cxx1112basic_stringIcSt11char_traitsIcESaIcEEEEEEEC2ISB_EEOT_
FNDA:0,_ZNSt11_Tuple_implILm0EJRKNSt7__cxx1112basic_stringIcSt11char_traitsIcESaIcEEEEEC2EOS8_
FNDA:170,_ZNSt10_Head_baseILm1ESt14default_deleteIKNSt7__cxx1112basic_stringIcSt11char_traitsIcESaIcEEEELb1EEC2Ev
FNDA:2,_ZNSt10_Head_baseILm1ESt14default_deleteIN7testing8internal11ThreadLocalIPNS1_31TestPartResultReporterInterfaceEE18ValueHolderFactoryEELb1EEC2Ev
FNDA:2,_ZNSt10_Head_baseILm1ESt14default_deleteIN7testing8internal11ThreadLocalISt6vectorINS2_9TraceInfoESaIS5_EEE18ValueHolderFactoryEELb1EEC2Ev
FNDA:41,_ZNSt10_Head_baseILm1ESt14default_deleteIN7testing8internal14GTestFlagSaverEELb1EEC2Ev
FNDA:2,_ZNSt10_Head_baseILm1ESt14default_deleteIN7testing8internal16DeathTestFactoryEELb1EEC2Ev
FNDA:0,_ZNSt10_Head_baseILm1ESt14default_deleteIN7testing8internal17StreamingListener20AbstractSocketWriterEELb1EEC2Ev
FNDA:2,_ZNSt10_Head_baseILm1ESt14default_deleteIN7testing8internal24InternalRunDeathTestFlagEELb1EEC2Ev
FNDA:53,_ZNSt10_Head_baseILm1ESt14default_deleteINSt7__cxx1112basic_stringIcSt11char_traitsIcESaIcEEEELb1EEC2Ev
FNDA:144,_ZNSt10_Head_baseILm1ESt14default_deleteINSt7__cxx1118basic_stringstreamIcSt11char_traitsIcESaIcEEEELb1EEC2Ev
FNDA:0,_ZNSt5tupleIJRKNSt7__cxx1112basic_stringIcSt11char_traitsIcESaIcEEEEEC2ILb1ELb1EEES7_
FNDA:0,_ZNSt5tupleIJRKNSt7__cxx1112basic_stringIcSt11char_traitsIcESaIcEEEEEC2EOS8_
FNF:194
FNH:104
DA:81,416
DA:82,416
DA:125,191
DA:190,416
DA:191,416
DA:193,0
DA:194,0
DA:200,0
DA:201,0
DA:234,781
DA:237,1393
DA:269,781
DA:272,1393
DA:280,416
DA:281,416
DA:291,0
DA:293,0
DA:294,0
DA:497,191
DA:503,416
DA:504,416
DA:507,0
DA:508,0
DA:509,0
DA:513,0
DA:514,0
DA:515,0
DA:527,0
DA:529,0
DA:530,0
DA:874,0
DA:876,0
DA:903,0
DA:1317,416
DA:1319,416
DA:1345,0
DA:1347,0
DA:1787,972
DA:1788,972
DA:1792,1393
DA:1793,1393
DA:1803,972
DA:1804,972
DA:1809,1393
DA:1810,1393
DA:1815,0
DA:1818,0
DA:2001,0
DA:2005,0
DA:2252,0
DA:2257,0
DA:2258,0
DA:2264,0
DA:2267,0
DA:2268,0
DA:2269,0
LF:56
LH:24
end_of_record
TN:
SF:/usr/include/c++/13/typeinfo
FN:103,104,_ZNKSt9type_info4nameEv
FN:193,210,_ZNKSt9type_infoeqERKS_
FNDA:0,_ZNKSt9type_info4nameEv
FNDA:0,_ZNKSt9type_infoeqERKS_
FNF:2
FNH:0
DA:103,0
DA:104,0
DA:193,0
DA:195,0
DA:196,0
DA:198,0
DA:199,0
DA:206,0
LF:8
LH:0
end_of_record
TN:
SF:/usr/include/x86_64-linux-gnu/c++/13/bits/c++config.h
FN:540,551,_ZSt23__is_constant_evaluatedv
FNDA:1711,_ZSt23__is_constant_evaluatedv
FNF:1
FNH:1
DA:540,1711
DA:547,1711
LF:2
LH:2
end_of_record
