Start testing: May 31 19:35 CST
----------------------------------------------------------
1/25 Testing: CalculatorTest.AddPositiveNumbers
1/25 Test: CalculatorTest.AddPositiveNumbers
Command: "/home/raulpro/Diseño_Software/IE-0417/laboratorio-testing/build/run_tests" "--gtest_filter=CalculatorTest.AddPositiveNumbers" "--gtest_also_run_disabled_tests"
Directory: /home/raulpro/Diseño_Software/IE-0417/laboratorio-testing/build
"CalculatorTest.AddPositiveNumbers" start time: May 31 19:35 CST
Output:
----------------------------------------------------------
Running main() from /home/raulpro/Diseño_Software/IE-0417/laboratorio-testing/build/_deps/googletest-src/googletest/src/gtest_main.cc
Note: Google Test filter = CalculatorTest.AddPositiveNumbers
[==========] Running 1 test from 1 test suite.
[----------] Global test environment set-up.
[----------] 1 test from CalculatorTest
[ RUN      ] CalculatorTest.AddPositiveNumbers
[       OK ] CalculatorTest.AddPositiveNumbers (0 ms)
[----------] 1 test from CalculatorTest (0 ms total)

[----------] Global test environment tear-down
[==========] 1 test from 1 test suite ran. (0 ms total)
[  PASSED  ] 1 test.
<end of output>
Test time =   0.00 sec
----------------------------------------------------------
Test Passed.
"CalculatorTest.AddPositiveNumbers" end time: May 31 19:35 CST
"CalculatorTest.AddPositiveNumbers" time elapsed: 00:00:00
----------------------------------------------------------

2/25 Testing: CalculatorTest.AddNegativeNumbers
2/25 Test: CalculatorTest.AddNegativeNumbers
Command: "/home/raulpro/Diseño_Software/IE-0417/laboratorio-testing/build/run_tests" "--gtest_filter=CalculatorTest.AddNegativeNumbers" "--gtest_also_run_disabled_tests"
Directory: /home/raulpro/Diseño_Software/IE-0417/laboratorio-testing/build
"CalculatorTest.AddNegativeNumbers" start time: May 31 19:35 CST
Output:
----------------------------------------------------------
Running main() from /home/raulpro/Diseño_Software/IE-0417/laboratorio-testing/build/_deps/googletest-src/googletest/src/gtest_main.cc
Note: Google Test filter = CalculatorTest.AddNegativeNumbers
[==========] Running 1 test from 1 test suite.
[----------] Global test environment set-up.
[----------] 1 test from CalculatorTest
[ RUN      ] CalculatorTest.AddNegativeNumbers
[       OK ] CalculatorTest.AddNegativeNumbers (0 ms)
[----------] 1 test from CalculatorTest (0 ms total)

[----------] Global test environment tear-down
[==========] 1 test from 1 test suite ran. (0 ms total)
[  PASSED  ] 1 test.
<end of output>
Test time =   0.00 sec
----------------------------------------------------------
Test Passed.
"CalculatorTest.AddNegativeNumbers" end time: May 31 19:35 CST
"CalculatorTest.AddNegativeNumbers" time elapsed: 00:00:00
----------------------------------------------------------

3/25 Testing: CalculatorTest.SubtractNumbers
3/25 Test: CalculatorTest.SubtractNumbers
Command: "/home/raulpro/Diseño_Software/IE-0417/laboratorio-testing/build/run_tests" "--gtest_filter=CalculatorTest.SubtractNumbers" "--gtest_also_run_disabled_tests"
Directory: /home/raulpro/Diseño_Software/IE-0417/laboratorio-testing/build
"CalculatorTest.SubtractNumbers" start time: May 31 19:35 CST
Output:
----------------------------------------------------------
Running main() from /home/raulpro/Diseño_Software/IE-0417/laboratorio-testing/build/_deps/googletest-src/googletest/src/gtest_main.cc
Note: Google Test filter = CalculatorTest.SubtractNumbers
[==========] Running 1 test from 1 test suite.
[----------] Global test environment set-up.
[----------] 1 test from CalculatorTest
[ RUN      ] CalculatorTest.SubtractNumbers
[       OK ] CalculatorTest.SubtractNumbers (0 ms)
[----------] 1 test from CalculatorTest (0 ms total)

[----------] Global test environment tear-down
[==========] 1 test from 1 test suite ran. (0 ms total)
[  PASSED  ] 1 test.
<end of output>
Test time =   0.00 sec
----------------------------------------------------------
Test Passed.
"CalculatorTest.SubtractNumbers" end time: May 31 19:35 CST
"CalculatorTest.SubtractNumbers" time elapsed: 00:00:00
----------------------------------------------------------

4/25 Testing: CalculatorTest.MultiplyNumbers
4/25 Test: CalculatorTest.MultiplyNumbers
Command: "/home/raulpro/Diseño_Software/IE-0417/laboratorio-testing/build/run_tests" "--gtest_filter=CalculatorTest.MultiplyNumbers" "--gtest_also_run_disabled_tests"
Directory: /home/raulpro/Diseño_Software/IE-0417/laboratorio-testing/build
"CalculatorTest.MultiplyNumbers" start time: May 31 19:35 CST
Output:
----------------------------------------------------------
Running main() from /home/raulpro/Diseño_Software/IE-0417/laboratorio-testing/build/_deps/googletest-src/googletest/src/gtest_main.cc
Note: Google Test filter = CalculatorTest.MultiplyNumbers
[==========] Running 1 test from 1 test suite.
[----------] Global test environment set-up.
[----------] 1 test from CalculatorTest
[ RUN      ] CalculatorTest.MultiplyNumbers
[       OK ] CalculatorTest.MultiplyNumbers (0 ms)
[----------] 1 test from CalculatorTest (0 ms total)

[----------] Global test environment tear-down
[==========] 1 test from 1 test suite ran. (0 ms total)
[  PASSED  ] 1 test.
<end of output>
Test time =   0.00 sec
----------------------------------------------------------
Test Passed.
"CalculatorTest.MultiplyNumbers" end time: May 31 19:35 CST
"CalculatorTest.MultiplyNumbers" time elapsed: 00:00:00
----------------------------------------------------------

5/25 Testing: CalculatorTest.DivideNumbers
5/25 Test: CalculatorTest.DivideNumbers
Command: "/home/raulpro/Diseño_Software/IE-0417/laboratorio-testing/build/run_tests" "--gtest_filter=CalculatorTest.DivideNumbers" "--gtest_also_run_disabled_tests"
Directory: /home/raulpro/Diseño_Software/IE-0417/laboratorio-testing/build
"CalculatorTest.DivideNumbers" start time: May 31 19:35 CST
Output:
----------------------------------------------------------
Running main() from /home/raulpro/Diseño_Software/IE-0417/laboratorio-testing/build/_deps/googletest-src/googletest/src/gtest_main.cc
Note: Google Test filter = CalculatorTest.DivideNumbers
[==========] Running 1 test from 1 test suite.
[----------] Global test environment set-up.
[----------] 1 test from CalculatorTest
[ RUN      ] CalculatorTest.DivideNumbers
[       OK ] CalculatorTest.DivideNumbers (0 ms)
[----------] 1 test from CalculatorTest (0 ms total)

[----------] Global test environment tear-down
[==========] 1 test from 1 test suite ran. (0 ms total)
[  PASSED  ] 1 test.
<end of output>
Test time =   0.00 sec
----------------------------------------------------------
Test Passed.
"CalculatorTest.DivideNumbers" end time: May 31 19:35 CST
"CalculatorTest.DivideNumbers" time elapsed: 00:00:00
----------------------------------------------------------

6/25 Testing: CalculatorTest.DivideByZeroThrowsException
6/25 Test: CalculatorTest.DivideByZeroThrowsException
Command: "/home/raulpro/Diseño_Software/IE-0417/laboratorio-testing/build/run_tests" "--gtest_filter=CalculatorTest.DivideByZeroThrowsException" "--gtest_also_run_disabled_tests"
Directory: /home/raulpro/Diseño_Software/IE-0417/laboratorio-testing/build
"CalculatorTest.DivideByZeroThrowsException" start time: May 31 19:35 CST
Output:
----------------------------------------------------------
Running main() from /home/raulpro/Diseño_Software/IE-0417/laboratorio-testing/build/_deps/googletest-src/googletest/src/gtest_main.cc
Note: Google Test filter = CalculatorTest.DivideByZeroThrowsException
[==========] Running 1 test from 1 test suite.
[----------] Global test environment set-up.
[----------] 1 test from CalculatorTest
[ RUN      ] CalculatorTest.DivideByZeroThrowsException
[       OK ] CalculatorTest.DivideByZeroThrowsException (0 ms)
[----------] 1 test from CalculatorTest (0 ms total)

[----------] Global test environment tear-down
[==========] 1 test from 1 test suite ran. (0 ms total)
[  PASSED  ] 1 test.
<end of output>
Test time =   0.00 sec
----------------------------------------------------------
Test Passed.
"CalculatorTest.DivideByZeroThrowsException" end time: May 31 19:35 CST
"CalculatorTest.DivideByZeroThrowsException" time elapsed: 00:00:00
----------------------------------------------------------

7/25 Testing: CalculatorTest.DetectEvenNumber
7/25 Test: CalculatorTest.DetectEvenNumber
Command: "/home/raulpro/Diseño_Software/IE-0417/laboratorio-testing/build/run_tests" "--gtest_filter=CalculatorTest.DetectEvenNumber" "--gtest_also_run_disabled_tests"
Directory: /home/raulpro/Diseño_Software/IE-0417/laboratorio-testing/build
"CalculatorTest.DetectEvenNumber" start time: May 31 19:35 CST
Output:
----------------------------------------------------------
Running main() from /home/raulpro/Diseño_Software/IE-0417/laboratorio-testing/build/_deps/googletest-src/googletest/src/gtest_main.cc
Note: Google Test filter = CalculatorTest.DetectEvenNumber
[==========] Running 1 test from 1 test suite.
[----------] Global test environment set-up.
[----------] 1 test from CalculatorTest
[ RUN      ] CalculatorTest.DetectEvenNumber
[       OK ] CalculatorTest.DetectEvenNumber (0 ms)
[----------] 1 test from CalculatorTest (0 ms total)

[----------] Global test environment tear-down
[==========] 1 test from 1 test suite ran. (0 ms total)
[  PASSED  ] 1 test.
<end of output>
Test time =   0.00 sec
----------------------------------------------------------
Test Passed.
"CalculatorTest.DetectEvenNumber" end time: May 31 19:35 CST
"CalculatorTest.DetectEvenNumber" time elapsed: 00:00:00
----------------------------------------------------------

8/25 Testing: CalculatorTest.DetectOddNumber
8/25 Test: CalculatorTest.DetectOddNumber
Command: "/home/raulpro/Diseño_Software/IE-0417/laboratorio-testing/build/run_tests" "--gtest_filter=CalculatorTest.DetectOddNumber" "--gtest_also_run_disabled_tests"
Directory: /home/raulpro/Diseño_Software/IE-0417/laboratorio-testing/build
"CalculatorTest.DetectOddNumber" start time: May 31 19:35 CST
Output:
----------------------------------------------------------
Running main() from /home/raulpro/Diseño_Software/IE-0417/laboratorio-testing/build/_deps/googletest-src/googletest/src/gtest_main.cc
Note: Google Test filter = CalculatorTest.DetectOddNumber
[==========] Running 1 test from 1 test suite.
[----------] Global test environment set-up.
[----------] 1 test from CalculatorTest
[ RUN      ] CalculatorTest.DetectOddNumber
[       OK ] CalculatorTest.DetectOddNumber (0 ms)
[----------] 1 test from CalculatorTest (0 ms total)

[----------] Global test environment tear-down
[==========] 1 test from 1 test suite ran. (0 ms total)
[  PASSED  ] 1 test.
<end of output>
Test time =   0.00 sec
----------------------------------------------------------
Test Passed.
"CalculatorTest.DetectOddNumber" end time: May 31 19:35 CST
"CalculatorTest.DetectOddNumber" time elapsed: 00:00:00
----------------------------------------------------------

9/25 Testing: StringUtilsTest.ConvertTextToUppercase
9/25 Test: StringUtilsTest.ConvertTextToUppercase
Command: "/home/raulpro/Diseño_Software/IE-0417/laboratorio-testing/build/run_tests" "--gtest_filter=StringUtilsTest.ConvertTextToUppercase" "--gtest_also_run_disabled_tests"
Directory: /home/raulpro/Diseño_Software/IE-0417/laboratorio-testing/build
"StringUtilsTest.ConvertTextToUppercase" start time: May 31 19:35 CST
Output:
----------------------------------------------------------
Running main() from /home/raulpro/Diseño_Software/IE-0417/laboratorio-testing/build/_deps/googletest-src/googletest/src/gtest_main.cc
Note: Google Test filter = StringUtilsTest.ConvertTextToUppercase
[==========] Running 1 test from 1 test suite.
[----------] Global test environment set-up.
[----------] 1 test from StringUtilsTest
[ RUN      ] StringUtilsTest.ConvertTextToUppercase
[       OK ] StringUtilsTest.ConvertTextToUppercase (0 ms)
[----------] 1 test from StringUtilsTest (0 ms total)

[----------] Global test environment tear-down
[==========] 1 test from 1 test suite ran. (0 ms total)
[  PASSED  ] 1 test.
<end of output>
Test time =   0.00 sec
----------------------------------------------------------
Test Passed.
"StringUtilsTest.ConvertTextToUppercase" end time: May 31 19:35 CST
"StringUtilsTest.ConvertTextToUppercase" time elapsed: 00:00:00
----------------------------------------------------------

10/25 Testing: StringUtilsTest.ConvertMixedTextToUppercase
10/25 Test: StringUtilsTest.ConvertMixedTextToUppercase
Command: "/home/raulpro/Diseño_Software/IE-0417/laboratorio-testing/build/run_tests" "--gtest_filter=StringUtilsTest.ConvertMixedTextToUppercase" "--gtest_also_run_disabled_tests"
Directory: /home/raulpro/Diseño_Software/IE-0417/laboratorio-testing/build
"StringUtilsTest.ConvertMixedTextToUppercase" start time: May 31 19:35 CST
Output:
----------------------------------------------------------
Running main() from /home/raulpro/Diseño_Software/IE-0417/laboratorio-testing/build/_deps/googletest-src/googletest/src/gtest_main.cc
Note: Google Test filter = StringUtilsTest.ConvertMixedTextToUppercase
[==========] Running 1 test from 1 test suite.
[----------] Global test environment set-up.
[----------] 1 test from StringUtilsTest
[ RUN      ] StringUtilsTest.ConvertMixedTextToUppercase
[       OK ] StringUtilsTest.ConvertMixedTextToUppercase (0 ms)
[----------] 1 test from StringUtilsTest (0 ms total)

[----------] Global test environment tear-down
[==========] 1 test from 1 test suite ran. (0 ms total)
[  PASSED  ] 1 test.
<end of output>
Test time =   0.00 sec
----------------------------------------------------------
Test Passed.
"StringUtilsTest.ConvertMixedTextToUppercase" end time: May 31 19:35 CST
"StringUtilsTest.ConvertMixedTextToUppercase" time elapsed: 00:00:00
----------------------------------------------------------

11/25 Testing: StringUtilsTest.DetectSimplePalindrome
11/25 Test: StringUtilsTest.DetectSimplePalindrome
Command: "/home/raulpro/Diseño_Software/IE-0417/laboratorio-testing/build/run_tests" "--gtest_filter=StringUtilsTest.DetectSimplePalindrome" "--gtest_also_run_disabled_tests"
Directory: /home/raulpro/Diseño_Software/IE-0417/laboratorio-testing/build
"StringUtilsTest.DetectSimplePalindrome" start time: May 31 19:35 CST
Output:
----------------------------------------------------------
Running main() from /home/raulpro/Diseño_Software/IE-0417/laboratorio-testing/build/_deps/googletest-src/googletest/src/gtest_main.cc
Note: Google Test filter = StringUtilsTest.DetectSimplePalindrome
[==========] Running 1 test from 1 test suite.
[----------] Global test environment set-up.
[----------] 1 test from StringUtilsTest
[ RUN      ] StringUtilsTest.DetectSimplePalindrome
[       OK ] StringUtilsTest.DetectSimplePalindrome (0 ms)
[----------] 1 test from StringUtilsTest (0 ms total)

[----------] Global test environment tear-down
[==========] 1 test from 1 test suite ran. (0 ms total)
[  PASSED  ] 1 test.
<end of output>
Test time =   0.00 sec
----------------------------------------------------------
Test Passed.
"StringUtilsTest.DetectSimplePalindrome" end time: May 31 19:35 CST
"StringUtilsTest.DetectSimplePalindrome" time elapsed: 00:00:00
----------------------------------------------------------

12/25 Testing: StringUtilsTest.DetectPalindromeWithSpaces
12/25 Test: StringUtilsTest.DetectPalindromeWithSpaces
Command: "/home/raulpro/Diseño_Software/IE-0417/laboratorio-testing/build/run_tests" "--gtest_filter=StringUtilsTest.DetectPalindromeWithSpaces" "--gtest_also_run_disabled_tests"
Directory: /home/raulpro/Diseño_Software/IE-0417/laboratorio-testing/build
"StringUtilsTest.DetectPalindromeWithSpaces" start time: May 31 19:35 CST
Output:
----------------------------------------------------------
Running main() from /home/raulpro/Diseño_Software/IE-0417/laboratorio-testing/build/_deps/googletest-src/googletest/src/gtest_main.cc
Note: Google Test filter = StringUtilsTest.DetectPalindromeWithSpaces
[==========] Running 1 test from 1 test suite.
[----------] Global test environment set-up.
[----------] 1 test from StringUtilsTest
[ RUN      ] StringUtilsTest.DetectPalindromeWithSpaces
[       OK ] StringUtilsTest.DetectPalindromeWithSpaces (0 ms)
[----------] 1 test from StringUtilsTest (0 ms total)

[----------] Global test environment tear-down
[==========] 1 test from 1 test suite ran. (0 ms total)
[  PASSED  ] 1 test.
<end of output>
Test time =   0.00 sec
----------------------------------------------------------
Test Passed.
"StringUtilsTest.DetectPalindromeWithSpaces" end time: May 31 19:35 CST
"StringUtilsTest.DetectPalindromeWithSpaces" time elapsed: 00:00:00
----------------------------------------------------------

13/25 Testing: StringUtilsTest.DetectNonPalindrome
13/25 Test: StringUtilsTest.DetectNonPalindrome
Command: "/home/raulpro/Diseño_Software/IE-0417/laboratorio-testing/build/run_tests" "--gtest_filter=StringUtilsTest.DetectNonPalindrome" "--gtest_also_run_disabled_tests"
Directory: /home/raulpro/Diseño_Software/IE-0417/laboratorio-testing/build
"StringUtilsTest.DetectNonPalindrome" start time: May 31 19:35 CST
Output:
----------------------------------------------------------
Running main() from /home/raulpro/Diseño_Software/IE-0417/laboratorio-testing/build/_deps/googletest-src/googletest/src/gtest_main.cc
Note: Google Test filter = StringUtilsTest.DetectNonPalindrome
[==========] Running 1 test from 1 test suite.
[----------] Global test environment set-up.
[----------] 1 test from StringUtilsTest
[ RUN      ] StringUtilsTest.DetectNonPalindrome
[       OK ] StringUtilsTest.DetectNonPalindrome (0 ms)
[----------] 1 test from StringUtilsTest (0 ms total)

[----------] Global test environment tear-down
[==========] 1 test from 1 test suite ran. (0 ms total)
[  PASSED  ] 1 test.
<end of output>
Test time =   0.00 sec
----------------------------------------------------------
Test Passed.
"StringUtilsTest.DetectNonPalindrome" end time: May 31 19:35 CST
"StringUtilsTest.DetectNonPalindrome" time elapsed: 00:00:00
----------------------------------------------------------

14/25 Testing: StringUtilsTest.CountVowels
14/25 Test: StringUtilsTest.CountVowels
Command: "/home/raulpro/Diseño_Software/IE-0417/laboratorio-testing/build/run_tests" "--gtest_filter=StringUtilsTest.CountVowels" "--gtest_also_run_disabled_tests"
Directory: /home/raulpro/Diseño_Software/IE-0417/laboratorio-testing/build
"StringUtilsTest.CountVowels" start time: May 31 19:35 CST
Output:
----------------------------------------------------------
Running main() from /home/raulpro/Diseño_Software/IE-0417/laboratorio-testing/build/_deps/googletest-src/googletest/src/gtest_main.cc
Note: Google Test filter = StringUtilsTest.CountVowels
[==========] Running 1 test from 1 test suite.
[----------] Global test environment set-up.
[----------] 1 test from StringUtilsTest
[ RUN      ] StringUtilsTest.CountVowels
[       OK ] StringUtilsTest.CountVowels (0 ms)
[----------] 1 test from StringUtilsTest (0 ms total)

[----------] Global test environment tear-down
[==========] 1 test from 1 test suite ran. (0 ms total)
[  PASSED  ] 1 test.
<end of output>
Test time =   0.00 sec
----------------------------------------------------------
Test Passed.
"StringUtilsTest.CountVowels" end time: May 31 19:35 CST
"StringUtilsTest.CountVowels" time elapsed: 00:00:00
----------------------------------------------------------

15/25 Testing: StringUtilsTest.CountVowelsInTextWithoutVowels
15/25 Test: StringUtilsTest.CountVowelsInTextWithoutVowels
Command: "/home/raulpro/Diseño_Software/IE-0417/laboratorio-testing/build/run_tests" "--gtest_filter=StringUtilsTest.CountVowelsInTextWithoutVowels" "--gtest_also_run_disabled_tests"
Directory: /home/raulpro/Diseño_Software/IE-0417/laboratorio-testing/build
"StringUtilsTest.CountVowelsInTextWithoutVowels" start time: May 31 19:35 CST
Output:
----------------------------------------------------------
Running main() from /home/raulpro/Diseño_Software/IE-0417/laboratorio-testing/build/_deps/googletest-src/googletest/src/gtest_main.cc
Note: Google Test filter = StringUtilsTest.CountVowelsInTextWithoutVowels
[==========] Running 1 test from 1 test suite.
[----------] Global test environment set-up.
[----------] 1 test from StringUtilsTest
[ RUN      ] StringUtilsTest.CountVowelsInTextWithoutVowels
[       OK ] StringUtilsTest.CountVowelsInTextWithoutVowels (0 ms)
[----------] 1 test from StringUtilsTest (0 ms total)

[----------] Global test environment tear-down
[==========] 1 test from 1 test suite ran. (0 ms total)
[  PASSED  ] 1 test.
<end of output>
Test time =   0.00 sec
----------------------------------------------------------
Test Passed.
"StringUtilsTest.CountVowelsInTextWithoutVowels" end time: May 31 19:35 CST
"StringUtilsTest.CountVowelsInTextWithoutVowels" time elapsed: 00:00:00
----------------------------------------------------------

16/25 Testing: GradeUtilsTest.CalculateAverage
16/25 Test: GradeUtilsTest.CalculateAverage
Command: "/home/raulpro/Diseño_Software/IE-0417/laboratorio-testing/build/run_tests" "--gtest_filter=GradeUtilsTest.CalculateAverage" "--gtest_also_run_disabled_tests"
Directory: /home/raulpro/Diseño_Software/IE-0417/laboratorio-testing/build
"GradeUtilsTest.CalculateAverage" start time: May 31 19:35 CST
Output:
----------------------------------------------------------
Running main() from /home/raulpro/Diseño_Software/IE-0417/laboratorio-testing/build/_deps/googletest-src/googletest/src/gtest_main.cc
Note: Google Test filter = GradeUtilsTest.CalculateAverage
[==========] Running 1 test from 1 test suite.
[----------] Global test environment set-up.
[----------] 1 test from GradeUtilsTest
[ RUN      ] GradeUtilsTest.CalculateAverage
[       OK ] GradeUtilsTest.CalculateAverage (0 ms)
[----------] 1 test from GradeUtilsTest (0 ms total)

[----------] Global test environment tear-down
[==========] 1 test from 1 test suite ran. (0 ms total)
[  PASSED  ] 1 test.
<end of output>
Test time =   0.00 sec
----------------------------------------------------------
Test Passed.
"GradeUtilsTest.CalculateAverage" end time: May 31 19:35 CST
"GradeUtilsTest.CalculateAverage" time elapsed: 00:00:00
----------------------------------------------------------

17/25 Testing: GradeUtilsTest.AverageEmptyVectorThrowsException
17/25 Test: GradeUtilsTest.AverageEmptyVectorThrowsException
Command: "/home/raulpro/Diseño_Software/IE-0417/laboratorio-testing/build/run_tests" "--gtest_filter=GradeUtilsTest.AverageEmptyVectorThrowsException" "--gtest_also_run_disabled_tests"
Directory: /home/raulpro/Diseño_Software/IE-0417/laboratorio-testing/build
"GradeUtilsTest.AverageEmptyVectorThrowsException" start time: May 31 19:35 CST
Output:
----------------------------------------------------------
Running main() from /home/raulpro/Diseño_Software/IE-0417/laboratorio-testing/build/_deps/googletest-src/googletest/src/gtest_main.cc
Note: Google Test filter = GradeUtilsTest.AverageEmptyVectorThrowsException
[==========] Running 1 test from 1 test suite.
[----------] Global test environment set-up.
[----------] 1 test from GradeUtilsTest
[ RUN      ] GradeUtilsTest.AverageEmptyVectorThrowsException
[       OK ] GradeUtilsTest.AverageEmptyVectorThrowsException (0 ms)
[----------] 1 test from GradeUtilsTest (0 ms total)

[----------] Global test environment tear-down
[==========] 1 test from 1 test suite ran. (0 ms total)
[  PASSED  ] 1 test.
<end of output>
Test time =   0.00 sec
----------------------------------------------------------
Test Passed.
"GradeUtilsTest.AverageEmptyVectorThrowsException" end time: May 31 19:35 CST
"GradeUtilsTest.AverageEmptyVectorThrowsException" time elapsed: 00:00:00
----------------------------------------------------------

18/25 Testing: GradeUtilsTest.PassingGrade
18/25 Test: GradeUtilsTest.PassingGrade
Command: "/home/raulpro/Diseño_Software/IE-0417/laboratorio-testing/build/run_tests" "--gtest_filter=GradeUtilsTest.PassingGrade" "--gtest_also_run_disabled_tests"
Directory: /home/raulpro/Diseño_Software/IE-0417/laboratorio-testing/build
"GradeUtilsTest.PassingGrade" start time: May 31 19:35 CST
Output:
----------------------------------------------------------
Running main() from /home/raulpro/Diseño_Software/IE-0417/laboratorio-testing/build/_deps/googletest-src/googletest/src/gtest_main.cc
Note: Google Test filter = GradeUtilsTest.PassingGrade
[==========] Running 1 test from 1 test suite.
[----------] Global test environment set-up.
[----------] 1 test from GradeUtilsTest
[ RUN      ] GradeUtilsTest.PassingGrade
[       OK ] GradeUtilsTest.PassingGrade (0 ms)
[----------] 1 test from GradeUtilsTest (0 ms total)

[----------] Global test environment tear-down
[==========] 1 test from 1 test suite ran. (0 ms total)
[  PASSED  ] 1 test.
<end of output>
Test time =   0.00 sec
----------------------------------------------------------
Test Passed.
"GradeUtilsTest.PassingGrade" end time: May 31 19:35 CST
"GradeUtilsTest.PassingGrade" time elapsed: 00:00:00
----------------------------------------------------------

19/25 Testing: GradeUtilsTest.FailingGrade
19/25 Test: GradeUtilsTest.FailingGrade
Command: "/home/raulpro/Diseño_Software/IE-0417/laboratorio-testing/build/run_tests" "--gtest_filter=GradeUtilsTest.FailingGrade" "--gtest_also_run_disabled_tests"
Directory: /home/raulpro/Diseño_Software/IE-0417/laboratorio-testing/build
"GradeUtilsTest.FailingGrade" start time: May 31 19:35 CST
Output:
----------------------------------------------------------
Running main() from /home/raulpro/Diseño_Software/IE-0417/laboratorio-testing/build/_deps/googletest-src/googletest/src/gtest_main.cc
Note: Google Test filter = GradeUtilsTest.FailingGrade
[==========] Running 1 test from 1 test suite.
[----------] Global test environment set-up.
[----------] 1 test from GradeUtilsTest
[ RUN      ] GradeUtilsTest.FailingGrade
[       OK ] GradeUtilsTest.FailingGrade (0 ms)
[----------] 1 test from GradeUtilsTest (0 ms total)

[----------] Global test environment tear-down
[==========] 1 test from 1 test suite ran. (0 ms total)
[  PASSED  ] 1 test.
<end of output>
Test time =   0.00 sec
----------------------------------------------------------
Test Passed.
"GradeUtilsTest.FailingGrade" end time: May 31 19:35 CST
"GradeUtilsTest.FailingGrade" time elapsed: 00:00:00
----------------------------------------------------------

20/25 Testing: GradeUtilsTest.LetterGradeA
20/25 Test: GradeUtilsTest.LetterGradeA
Command: "/home/raulpro/Diseño_Software/IE-0417/laboratorio-testing/build/run_tests" "--gtest_filter=GradeUtilsTest.LetterGradeA" "--gtest_also_run_disabled_tests"
Directory: /home/raulpro/Diseño_Software/IE-0417/laboratorio-testing/build
"GradeUtilsTest.LetterGradeA" start time: May 31 19:35 CST
Output:
----------------------------------------------------------
Running main() from /home/raulpro/Diseño_Software/IE-0417/laboratorio-testing/build/_deps/googletest-src/googletest/src/gtest_main.cc
Note: Google Test filter = GradeUtilsTest.LetterGradeA
[==========] Running 1 test from 1 test suite.
[----------] Global test environment set-up.
[----------] 1 test from GradeUtilsTest
[ RUN      ] GradeUtilsTest.LetterGradeA
[       OK ] GradeUtilsTest.LetterGradeA (0 ms)
[----------] 1 test from GradeUtilsTest (0 ms total)

[----------] Global test environment tear-down
[==========] 1 test from 1 test suite ran. (0 ms total)
[  PASSED  ] 1 test.
<end of output>
Test time =   0.00 sec
----------------------------------------------------------
Test Passed.
"GradeUtilsTest.LetterGradeA" end time: May 31 19:35 CST
"GradeUtilsTest.LetterGradeA" time elapsed: 00:00:00
----------------------------------------------------------

21/25 Testing: GradeUtilsTest.LetterGradeB
21/25 Test: GradeUtilsTest.LetterGradeB
Command: "/home/raulpro/Diseño_Software/IE-0417/laboratorio-testing/build/run_tests" "--gtest_filter=GradeUtilsTest.LetterGradeB" "--gtest_also_run_disabled_tests"
Directory: /home/raulpro/Diseño_Software/IE-0417/laboratorio-testing/build
"GradeUtilsTest.LetterGradeB" start time: May 31 19:35 CST
Output:
----------------------------------------------------------
Running main() from /home/raulpro/Diseño_Software/IE-0417/laboratorio-testing/build/_deps/googletest-src/googletest/src/gtest_main.cc
Note: Google Test filter = GradeUtilsTest.LetterGradeB
[==========] Running 1 test from 1 test suite.
[----------] Global test environment set-up.
[----------] 1 test from GradeUtilsTest
[ RUN      ] GradeUtilsTest.LetterGradeB
[       OK ] GradeUtilsTest.LetterGradeB (0 ms)
[----------] 1 test from GradeUtilsTest (0 ms total)

[----------] Global test environment tear-down
[==========] 1 test from 1 test suite ran. (0 ms total)
[  PASSED  ] 1 test.
<end of output>
Test time =   0.00 sec
----------------------------------------------------------
Test Passed.
"GradeUtilsTest.LetterGradeB" end time: May 31 19:35 CST
"GradeUtilsTest.LetterGradeB" time elapsed: 00:00:00
----------------------------------------------------------

22/25 Testing: GradeUtilsTest.LetterGradeC
22/25 Test: GradeUtilsTest.LetterGradeC
Command: "/home/raulpro/Diseño_Software/IE-0417/laboratorio-testing/build/run_tests" "--gtest_filter=GradeUtilsTest.LetterGradeC" "--gtest_also_run_disabled_tests"
Directory: /home/raulpro/Diseño_Software/IE-0417/laboratorio-testing/build
"GradeUtilsTest.LetterGradeC" start time: May 31 19:35 CST
Output:
----------------------------------------------------------
Running main() from /home/raulpro/Diseño_Software/IE-0417/laboratorio-testing/build/_deps/googletest-src/googletest/src/gtest_main.cc
Note: Google Test filter = GradeUtilsTest.LetterGradeC
[==========] Running 1 test from 1 test suite.
[----------] Global test environment set-up.
[----------] 1 test from GradeUtilsTest
[ RUN      ] GradeUtilsTest.LetterGradeC
[       OK ] GradeUtilsTest.LetterGradeC (0 ms)
[----------] 1 test from GradeUtilsTest (0 ms total)

[----------] Global test environment tear-down
[==========] 1 test from 1 test suite ran. (0 ms total)
[  PASSED  ] 1 test.
<end of output>
Test time =   0.00 sec
----------------------------------------------------------
Test Passed.
"GradeUtilsTest.LetterGradeC" end time: May 31 19:35 CST
"GradeUtilsTest.LetterGradeC" time elapsed: 00:00:00
----------------------------------------------------------

23/25 Testing: GradeUtilsTest.LetterGradeD
23/25 Test: GradeUtilsTest.LetterGradeD
Command: "/home/raulpro/Diseño_Software/IE-0417/laboratorio-testing/build/run_tests" "--gtest_filter=GradeUtilsTest.LetterGradeD" "--gtest_also_run_disabled_tests"
Directory: /home/raulpro/Diseño_Software/IE-0417/laboratorio-testing/build
"GradeUtilsTest.LetterGradeD" start time: May 31 19:35 CST
Output:
----------------------------------------------------------
Running main() from /home/raulpro/Diseño_Software/IE-0417/laboratorio-testing/build/_deps/googletest-src/googletest/src/gtest_main.cc
Note: Google Test filter = GradeUtilsTest.LetterGradeD
[==========] Running 1 test from 1 test suite.
[----------] Global test environment set-up.
[----------] 1 test from GradeUtilsTest
[ RUN      ] GradeUtilsTest.LetterGradeD
[       OK ] GradeUtilsTest.LetterGradeD (0 ms)
[----------] 1 test from GradeUtilsTest (0 ms total)

[----------] Global test environment tear-down
[==========] 1 test from 1 test suite ran. (0 ms total)
[  PASSED  ] 1 test.
<end of output>
Test time =   0.00 sec
----------------------------------------------------------
Test Passed.
"GradeUtilsTest.LetterGradeD" end time: May 31 19:35 CST
"GradeUtilsTest.LetterGradeD" time elapsed: 00:00:00
----------------------------------------------------------

24/25 Testing: GradeUtilsTest.LetterGradeF
24/25 Test: GradeUtilsTest.LetterGradeF
Command: "/home/raulpro/Diseño_Software/IE-0417/laboratorio-testing/build/run_tests" "--gtest_filter=GradeUtilsTest.LetterGradeF" "--gtest_also_run_disabled_tests"
Directory: /home/raulpro/Diseño_Software/IE-0417/laboratorio-testing/build
"GradeUtilsTest.LetterGradeF" start time: May 31 19:35 CST
Output:
----------------------------------------------------------
Running main() from /home/raulpro/Diseño_Software/IE-0417/laboratorio-testing/build/_deps/googletest-src/googletest/src/gtest_main.cc
Note: Google Test filter = GradeUtilsTest.LetterGradeF
[==========] Running 1 test from 1 test suite.
[----------] Global test environment set-up.
[----------] 1 test from GradeUtilsTest
[ RUN      ] GradeUtilsTest.LetterGradeF
[       OK ] GradeUtilsTest.LetterGradeF (0 ms)
[----------] 1 test from GradeUtilsTest (0 ms total)

[----------] Global test environment tear-down
[==========] 1 test from 1 test suite ran. (0 ms total)
[  PASSED  ] 1 test.
<end of output>
Test time =   0.00 sec
----------------------------------------------------------
Test Passed.
"GradeUtilsTest.LetterGradeF" end time: May 31 19:35 CST
"GradeUtilsTest.LetterGradeF" time elapsed: 00:00:00
----------------------------------------------------------

25/25 Testing: GradeUtilsTest.InvalidGradeThrowsException
25/25 Test: GradeUtilsTest.InvalidGradeThrowsException
Command: "/home/raulpro/Diseño_Software/IE-0417/laboratorio-testing/build/run_tests" "--gtest_filter=GradeUtilsTest.InvalidGradeThrowsException" "--gtest_also_run_disabled_tests"
Directory: /home/raulpro/Diseño_Software/IE-0417/laboratorio-testing/build
"GradeUtilsTest.InvalidGradeThrowsException" start time: May 31 19:35 CST
Output:
----------------------------------------------------------
Running main() from /home/raulpro/Diseño_Software/IE-0417/laboratorio-testing/build/_deps/googletest-src/googletest/src/gtest_main.cc
Note: Google Test filter = GradeUtilsTest.InvalidGradeThrowsException
[==========] Running 1 test from 1 test suite.
[----------] Global test environment set-up.
[----------] 1 test from GradeUtilsTest
[ RUN      ] GradeUtilsTest.InvalidGradeThrowsException
[       OK ] GradeUtilsTest.InvalidGradeThrowsException (0 ms)
[----------] 1 test from GradeUtilsTest (0 ms total)

[----------] Global test environment tear-down
[==========] 1 test from 1 test suite ran. (0 ms total)
[  PASSED  ] 1 test.
<end of output>
Test time =   0.00 sec
----------------------------------------------------------
Test Passed.
"GradeUtilsTest.InvalidGradeThrowsException" end time: May 31 19:35 CST
"GradeUtilsTest.InvalidGradeThrowsException" time elapsed: 00:00:00
----------------------------------------------------------

End testing: May 31 19:35 CST
